#-----------------------------------------------------------
# Vivado v2018.2 (64-bit)
# SW Build 2258646 on Thu Jun 14 20:03:12 MDT 2018
# IP Build 2256618 on Thu Jun 14 22:10:49 MDT 2018
# Start of session at: Tue Feb 20 09:14:45 2024
# Process ID: 14200
# Current directory: D:/Auc_Crs/Sprng24/Arch_lab/Single Cycle Implementation of RISC-V
# Command line: vivado.exe -gui_launcher_event rodinguilauncherevent9772 D:\Auc_Crs\Sprng24\Arch_lab\Single Cycle Implementation of RISC-V\Single Cycle Implementation of RISC-V.xpr
# Log file: D:/Auc_Crs/Sprng24/Arch_lab/Single Cycle Implementation of RISC-V/vivado.log
# Journal file: D:/Auc_Crs/Sprng24/Arch_lab/Single Cycle Implementation of RISC-V\vivado.jou
#-----------------------------------------------------------
start_gui
open_project {D:/Auc_Crs/Sprng24/Arch_lab/Single Cycle Implementation of RISC-V/Single Cycle Implementation of RISC-V.xpr}
Scanning sources...
Finished scanning sources
INFO: [IP_Flow 19-234] Refreshing IP repositories
INFO: [IP_Flow 19-1704] No user IP repositories specified
INFO: [IP_Flow 19-2313] Loaded Vivado IP repository 'D:/Xilinx/Vivado/2018.2/data/ip'.
update_compile_order -fileset sources_1
launch_simulation
INFO: [Vivado 12-5682] Launching behavioral simulation in 'D:/Auc_Crs/Sprng24/Arch_lab/Single Cycle Implementation of RISC-V/Single Cycle Implementation of RISC-V.sim/sim_1/behav/xsim'
INFO: [SIM-utils-51] Simulation object is 'sim_1'
INFO: [SIM-utils-54] Inspecting design source files for 'DFlipFlop_tb' in fileset 'sim_1'...
INFO: [USF-XSim-97] Finding global include files...
INFO: [USF-XSim-98] Fetching design files from 'sim_1'...
INFO: [USF-XSim-2] XSim::Compile design
INFO: [USF-XSim-61] Executing 'COMPILE and ANALYZE' step in 'D:/Auc_Crs/Sprng24/Arch_lab/Single Cycle Implementation of RISC-V/Single Cycle Implementation of RISC-V.sim/sim_1/behav/xsim'
"xvlog --incr --relax -prj DFlipFlop_tb_vlog.prj"
INFO: [USF-XSim-69] 'compile' step finished in '1' seconds
INFO: [USF-XSim-3] XSim::Elaborate design
INFO: [USF-XSim-61] Executing 'ELABORATE' step in 'D:/Auc_Crs/Sprng24/Arch_lab/Single Cycle Implementation of RISC-V/Single Cycle Implementation of RISC-V.sim/sim_1/behav/xsim'
Vivado Simulator 2018.2
Copyright 1986-1999, 2001-2018 Xilinx, Inc. All Rights Reserved.
Running: D:/Xilinx/Vivado/2018.2/bin/unwrapped/win64.o/xelab.exe -wto c5697a1fee564a8f87a9c1b0f1e2a3ac --incr --debug typical --relax --mt 2 -L xil_defaultlib -L unisims_ver -L unimacro_ver -L secureip --snapshot DFlipFlop_tb_behav xil_defaultlib.DFlipFlop_tb xil_defaultlib.glbl -log elaborate.log 
Using 2 slave threads.
Starting static elaboration
Completed static elaboration
INFO: [XSIM 43-4323] No Change in HDL. Linking previously generated obj files to create kernel
INFO: [USF-XSim-69] 'elaborate' step finished in '3' seconds
INFO: [USF-XSim-4] XSim::Simulate design
INFO: [USF-XSim-61] Executing 'SIMULATE' step in 'D:/Auc_Crs/Sprng24/Arch_lab/Single Cycle Implementation of RISC-V/Single Cycle Implementation of RISC-V.sim/sim_1/behav/xsim'
INFO: [USF-XSim-98] *** Running xsim
   with args "DFlipFlop_tb_behav -key {Behavioral:sim_1:Functional:DFlipFlop_tb} -tclbatch {DFlipFlop_tb.tcl} -log {simulate.log}"
INFO: [USF-XSim-8] Loading simulator feature
Vivado Simulator 2018.2
Time resolution is 1 ps
source DFlipFlop_tb.tcl
# set curr_wave [current_wave_config]
# if { [string length $curr_wave] == 0 } {
#   if { [llength [get_objects]] > 0} {
#     add_wave /
#     set_property needs_save false [current_wave_config]
#   } else {
#      send_msg_id Add_Wave-1 WARNING "No top level signals found. Simulator will start without a wave window. If you want to open a wave window go to 'File->New Waveform Configuration' or type 'create_wave_config' in the TCL console."
#   }
# }
# run 1000ns
INFO: [USF-XSim-96] XSim completed. Design snapshot 'DFlipFlop_tb_behav' loaded.
INFO: [USF-XSim-97] XSim simulation ran for 1000ns
launch_simulation: Time (s): cpu = 00:00:02 ; elapsed = 00:00:06 . Memory (MB): peak = 835.855 ; gain = 10.055
close_sim
INFO: [Simtcl 6-16] Simulation closed
launch_simulation
INFO: [Vivado 12-5682] Launching behavioral simulation in 'D:/Auc_Crs/Sprng24/Arch_lab/Single Cycle Implementation of RISC-V/Single Cycle Implementation of RISC-V.sim/sim_1/behav/xsim'
INFO: [SIM-utils-51] Simulation object is 'sim_1'
INFO: [SIM-utils-54] Inspecting design source files for 'DFlipFlop_tb' in fileset 'sim_1'...
INFO: [USF-XSim-97] Finding global include files...
INFO: [USF-XSim-98] Fetching design files from 'sim_1'...
INFO: [USF-XSim-2] XSim::Compile design
INFO: [USF-XSim-61] Executing 'COMPILE and ANALYZE' step in 'D:/Auc_Crs/Sprng24/Arch_lab/Single Cycle Implementation of RISC-V/Single Cycle Implementation of RISC-V.sim/sim_1/behav/xsim'
"xvlog --incr --relax -prj DFlipFlop_tb_vlog.prj"
INFO: [VRFC 10-2263] Analyzing Verilog file "D:/Auc_Crs/Sprng24/Arch_lab/Single Cycle Implementation of RISC-V/Single Cycle Implementation of RISC-V.srcs/sources_1/new/DFlipFlop.v" into library xil_defaultlib
INFO: [VRFC 10-311] analyzing module DFlipFlop
INFO: [VRFC 10-2263] Analyzing Verilog file "D:/Auc_Crs/Sprng24/Arch_lab/Single Cycle Implementation of RISC-V/Single Cycle Implementation of RISC-V.srcs/sim_1/new/DFlipFlop_tb.v" into library xil_defaultlib
INFO: [VRFC 10-311] analyzing module DFlipFlop_tb
INFO: [USF-XSim-69] 'compile' step finished in '2' seconds
INFO: [USF-XSim-3] XSim::Elaborate design
INFO: [USF-XSim-61] Executing 'ELABORATE' step in 'D:/Auc_Crs/Sprng24/Arch_lab/Single Cycle Implementation of RISC-V/Single Cycle Implementation of RISC-V.sim/sim_1/behav/xsim'
Vivado Simulator 2018.2
Copyright 1986-1999, 2001-2018 Xilinx, Inc. All Rights Reserved.
Running: D:/Xilinx/Vivado/2018.2/bin/unwrapped/win64.o/xelab.exe -wto c5697a1fee564a8f87a9c1b0f1e2a3ac --incr --debug typical --relax --mt 2 -L xil_defaultlib -L unisims_ver -L unimacro_ver -L secureip --snapshot DFlipFlop_tb_behav xil_defaultlib.DFlipFlop_tb xil_defaultlib.glbl -log elaborate.log 
Using 2 slave threads.
Starting static elaboration
Completed static elaboration
Starting simulation data flow analysis
Completed simulation data flow analysis
Time Resolution for simulation is 1ps
Compiling module xil_defaultlib.DFlipFlop
Compiling module xil_defaultlib.DFlipFlop_tb
Compiling module xil_defaultlib.glbl
Built simulation snapshot DFlipFlop_tb_behav
INFO: [USF-XSim-69] 'elaborate' step finished in '2' seconds
INFO: [USF-XSim-4] XSim::Simulate design
INFO: [USF-XSim-61] Executing 'SIMULATE' step in 'D:/Auc_Crs/Sprng24/Arch_lab/Single Cycle Implementation of RISC-V/Single Cycle Implementation of RISC-V.sim/sim_1/behav/xsim'
INFO: [USF-XSim-98] *** Running xsim
   with args "DFlipFlop_tb_behav -key {Behavioral:sim_1:Functional:DFlipFlop_tb} -tclbatch {DFlipFlop_tb.tcl} -log {simulate.log}"
INFO: [USF-XSim-8] Loading simulator feature
Vivado Simulator 2018.2
Time resolution is 1 ps
source DFlipFlop_tb.tcl
# set curr_wave [current_wave_config]
# if { [string length $curr_wave] == 0 } {
#   if { [llength [get_objects]] > 0} {
#     add_wave /
#     set_property needs_save false [current_wave_config]
#   } else {
#      send_msg_id Add_Wave-1 WARNING "No top level signals found. Simulator will start without a wave window. If you want to open a wave window go to 'File->New Waveform Configuration' or type 'create_wave_config' in the TCL console."
#   }
# }
# run 1000ns
$finish called at time : 30 ns : File "D:/Auc_Crs/Sprng24/Arch_lab/Single Cycle Implementation of RISC-V/Single Cycle Implementation of RISC-V.srcs/sim_1/new/DFlipFlop_tb.v" Line 52
INFO: [USF-XSim-96] XSim completed. Design snapshot 'DFlipFlop_tb_behav' loaded.
INFO: [USF-XSim-97] XSim simulation ran for 1000ns
launch_simulation: Time (s): cpu = 00:00:01 ; elapsed = 00:00:06 . Memory (MB): peak = 869.805 ; gain = 0.000
close [ open {D:/Auc_Crs/Sprng24/Arch_lab/Single Cycle Implementation of RISC-V/Single Cycle Implementation of RISC-V.srcs/sources_1/new/N-bit-register.v} w ]
add_files {{D:/Auc_Crs/Sprng24/Arch_lab/Single Cycle Implementation of RISC-V/Single Cycle Implementation of RISC-V.srcs/sources_1/new/N-bit-register.v}}
update_compile_order -fileset sources_1
export_ip_user_files -of_objects  [get_files {{D:/Auc_Crs/Sprng24/Arch_lab/Single Cycle Implementation of RISC-V/Single Cycle Implementation of RISC-V.srcs/sources_1/new/N-bit-register.v}}] -no_script -reset -force -quiet
remove_files  {{D:/Auc_Crs/Sprng24/Arch_lab/Single Cycle Implementation of RISC-V/Single Cycle Implementation of RISC-V.srcs/sources_1/new/N-bit-register.v}}
file delete -force {D:/Auc_Crs/Sprng24/Arch_lab/Single Cycle Implementation of RISC-V/Single Cycle Implementation of RISC-V.srcs/sources_1/new/N-bit-register.v}
close [ open {D:/Auc_Crs/Sprng24/Arch_lab/Single Cycle Implementation of RISC-V/Single Cycle Implementation of RISC-V.srcs/sources_1/new/N_bit_register.v} w ]
add_files {{D:/Auc_Crs/Sprng24/Arch_lab/Single Cycle Implementation of RISC-V/Single Cycle Implementation of RISC-V.srcs/sources_1/new/N_bit_register.v}}
update_compile_order -fileset sources_1
update_compile_order -fileset sources_1
set_property SOURCE_SET sources_1 [get_filesets sim_1]
close [ open {D:/Auc_Crs/Sprng24/Arch_lab/Single Cycle Implementation of RISC-V/Single Cycle Implementation of RISC-V.srcs/sim_1/new/N_bit_register_tb.v} w ]
add_files -fileset sim_1 {{D:/Auc_Crs/Sprng24/Arch_lab/Single Cycle Implementation of RISC-V/Single Cycle Implementation of RISC-V.srcs/sim_1/new/N_bit_register_tb.v}}
update_compile_order -fileset sim_1
set_property top N_bit_register_tb [get_filesets sim_1]
set_property top_lib xil_defaultlib [get_filesets sim_1]
update_compile_order -fileset sim_1
launch_simulation
INFO: [Vivado 12-5682] Launching behavioral simulation in 'D:/Auc_Crs/Sprng24/Arch_lab/Single Cycle Implementation of RISC-V/Single Cycle Implementation of RISC-V.sim/sim_1/behav/xsim'
INFO: [SIM-utils-51] Simulation object is 'sim_1'
INFO: [SIM-utils-54] Inspecting design source files for 'N_bit_register_tb' in fileset 'sim_1'...
INFO: [USF-XSim-97] Finding global include files...
INFO: [USF-XSim-98] Fetching design files from 'sim_1'...
INFO: [USF-XSim-2] XSim::Compile design
INFO: [USF-XSim-61] Executing 'COMPILE and ANALYZE' step in 'D:/Auc_Crs/Sprng24/Arch_lab/Single Cycle Implementation of RISC-V/Single Cycle Implementation of RISC-V.sim/sim_1/behav/xsim'
"xvlog --incr --relax -prj N_bit_register_tb_vlog.prj"
INFO: [VRFC 10-2263] Analyzing Verilog file "D:/Auc_Crs/Sprng24/Arch_lab/Single Cycle Implementation of RISC-V/Single Cycle Implementation of RISC-V.srcs/sources_1/new/N_bit_register.v" into library xil_defaultlib
INFO: [VRFC 10-311] analyzing module N_bit_register
INFO: [VRFC 10-2263] Analyzing Verilog file "D:/Auc_Crs/Sprng24/Arch_lab/Single Cycle Implementation of RISC-V/Single Cycle Implementation of RISC-V.srcs/sim_1/new/N_bit_register_tb.v" into library xil_defaultlib
INFO: [VRFC 10-311] analyzing module N_bit_register_tb
INFO: [USF-XSim-69] 'compile' step finished in '2' seconds
INFO: [USF-XSim-3] XSim::Elaborate design
INFO: [USF-XSim-61] Executing 'ELABORATE' step in 'D:/Auc_Crs/Sprng24/Arch_lab/Single Cycle Implementation of RISC-V/Single Cycle Implementation of RISC-V.sim/sim_1/behav/xsim'
Vivado Simulator 2018.2
Copyright 1986-1999, 2001-2018 Xilinx, Inc. All Rights Reserved.
Running: D:/Xilinx/Vivado/2018.2/bin/unwrapped/win64.o/xelab.exe -wto c5697a1fee564a8f87a9c1b0f1e2a3ac --incr --debug typical --relax --mt 2 -L xil_defaultlib -L unisims_ver -L unimacro_ver -L secureip --snapshot N_bit_register_tb_behav xil_defaultlib.N_bit_register_tb xil_defaultlib.glbl -log elaborate.log 
Using 2 slave threads.
Starting static elaboration
Completed static elaboration
Starting simulation data flow analysis
Completed simulation data flow analysis
Time Resolution for simulation is 1ps
Compiling module xil_defaultlib.DFlipFlop
Compiling module xil_defaultlib.N_bit_register(N=32)
Compiling module xil_defaultlib.N_bit_register_tb
Compiling module xil_defaultlib.glbl
Built simulation snapshot N_bit_register_tb_behav

****** Webtalk v2018.2 (64-bit)
  **** SW Build 2258646 on Thu Jun 14 20:03:12 MDT 2018
  **** IP Build 2256618 on Thu Jun 14 22:10:49 MDT 2018
    ** Copyright 1986-2018 Xilinx, Inc. All Rights Reserved.

source D:/Auc_Crs/Sprng24/Arch_lab/Single -notrace
couldn't read file "D:/Auc_Crs/Sprng24/Arch_lab/Single": permission denied
INFO: [Common 17-206] Exiting Webtalk at Tue Feb 20 09:40:54 2024...
INFO: [USF-XSim-69] 'elaborate' step finished in '4' seconds
INFO: [USF-XSim-4] XSim::Simulate design
INFO: [USF-XSim-61] Executing 'SIMULATE' step in 'D:/Auc_Crs/Sprng24/Arch_lab/Single Cycle Implementation of RISC-V/Single Cycle Implementation of RISC-V.sim/sim_1/behav/xsim'
INFO: [USF-XSim-98] *** Running xsim
   with args "N_bit_register_tb_behav -key {Behavioral:sim_1:Functional:N_bit_register_tb} -tclbatch {N_bit_register_tb.tcl} -log {simulate.log}"
INFO: [USF-XSim-8] Loading simulator feature
Vivado Simulator 2018.2
Time resolution is 1 ps
source N_bit_register_tb.tcl
# set curr_wave [current_wave_config]
# if { [string length $curr_wave] == 0 } {
#   if { [llength [get_objects]] > 0} {
#     add_wave /
#     set_property needs_save false [current_wave_config]
#   } else {
#      send_msg_id Add_Wave-1 WARNING "No top level signals found. Simulator will start without a wave window. If you want to open a wave window go to 'File->New Waveform Configuration' or type 'create_wave_config' in the TCL console."
#   }
# }
# run 1000ns
Correct Operation
$finish called at time : 40 ns : File "D:/Auc_Crs/Sprng24/Arch_lab/Single Cycle Implementation of RISC-V/Single Cycle Implementation of RISC-V.srcs/sim_1/new/N_bit_register_tb.v" Line 69
INFO: [USF-XSim-96] XSim completed. Design snapshot 'N_bit_register_tb_behav' loaded.
INFO: [USF-XSim-97] XSim simulation ran for 1000ns
launch_simulation: Time (s): cpu = 00:00:01 ; elapsed = 00:00:07 . Memory (MB): peak = 895.973 ; gain = 6.742
close_sim
INFO: [Simtcl 6-16] Simulation closed
launch_simulation
INFO: [Vivado 12-5682] Launching behavioral simulation in 'D:/Auc_Crs/Sprng24/Arch_lab/Single Cycle Implementation of RISC-V/Single Cycle Implementation of RISC-V.sim/sim_1/behav/xsim'
INFO: [SIM-utils-51] Simulation object is 'sim_1'
INFO: [SIM-utils-54] Inspecting design source files for 'N_bit_register_tb' in fileset 'sim_1'...
INFO: [USF-XSim-97] Finding global include files...
INFO: [USF-XSim-98] Fetching design files from 'sim_1'...
INFO: [USF-XSim-2] XSim::Compile design
INFO: [USF-XSim-61] Executing 'COMPILE and ANALYZE' step in 'D:/Auc_Crs/Sprng24/Arch_lab/Single Cycle Implementation of RISC-V/Single Cycle Implementation of RISC-V.sim/sim_1/behav/xsim'
"xvlog --incr --relax -prj N_bit_register_tb_vlog.prj"
INFO: [VRFC 10-2263] Analyzing Verilog file "D:/Auc_Crs/Sprng24/Arch_lab/Single Cycle Implementation of RISC-V/Single Cycle Implementation of RISC-V.srcs/sources_1/new/DFlipFlop.v" into library xil_defaultlib
INFO: [VRFC 10-311] analyzing module DFlipFlop
INFO: [VRFC 10-2263] Analyzing Verilog file "D:/Auc_Crs/Sprng24/Arch_lab/Single Cycle Implementation of RISC-V/Single Cycle Implementation of RISC-V.srcs/sources_1/new/N_bit_register.v" into library xil_defaultlib
INFO: [VRFC 10-311] analyzing module N_bit_register
INFO: [VRFC 10-2263] Analyzing Verilog file "D:/Auc_Crs/Sprng24/Arch_lab/Single Cycle Implementation of RISC-V/Single Cycle Implementation of RISC-V.srcs/sim_1/new/N_bit_register_tb.v" into library xil_defaultlib
INFO: [VRFC 10-311] analyzing module N_bit_register_tb
INFO: [USF-XSim-69] 'compile' step finished in '1' seconds
INFO: [USF-XSim-3] XSim::Elaborate design
INFO: [USF-XSim-61] Executing 'ELABORATE' step in 'D:/Auc_Crs/Sprng24/Arch_lab/Single Cycle Implementation of RISC-V/Single Cycle Implementation of RISC-V.sim/sim_1/behav/xsim'
Vivado Simulator 2018.2
Copyright 1986-1999, 2001-2018 Xilinx, Inc. All Rights Reserved.
Running: D:/Xilinx/Vivado/2018.2/bin/unwrapped/win64.o/xelab.exe -wto c5697a1fee564a8f87a9c1b0f1e2a3ac --incr --debug typical --relax --mt 2 -L xil_defaultlib -L unisims_ver -L unimacro_ver -L secureip --snapshot N_bit_register_tb_behav xil_defaultlib.N_bit_register_tb xil_defaultlib.glbl -log elaborate.log 
Using 2 slave threads.
Starting static elaboration
Completed static elaboration
Starting simulation data flow analysis
Completed simulation data flow analysis
Time Resolution for simulation is 1ps
Compiling module xil_defaultlib.DFlipFlop
Compiling module xil_defaultlib.N_bit_register(N=32)
Compiling module xil_defaultlib.N_bit_register_tb
Compiling module xil_defaultlib.glbl
Built simulation snapshot N_bit_register_tb_behav
INFO: [USF-XSim-69] 'elaborate' step finished in '3' seconds
INFO: [USF-XSim-4] XSim::Simulate design
INFO: [USF-XSim-61] Executing 'SIMULATE' step in 'D:/Auc_Crs/Sprng24/Arch_lab/Single Cycle Implementation of RISC-V/Single Cycle Implementation of RISC-V.sim/sim_1/behav/xsim'
INFO: [USF-XSim-98] *** Running xsim
   with args "N_bit_register_tb_behav -key {Behavioral:sim_1:Functional:N_bit_register_tb} -tclbatch {N_bit_register_tb.tcl} -log {simulate.log}"
INFO: [USF-XSim-8] Loading simulator feature
Vivado Simulator 2018.2
Time resolution is 1 ps
source N_bit_register_tb.tcl
# set curr_wave [current_wave_config]
# if { [string length $curr_wave] == 0 } {
#   if { [llength [get_objects]] > 0} {
#     add_wave /
#     set_property needs_save false [current_wave_config]
#   } else {
#      send_msg_id Add_Wave-1 WARNING "No top level signals found. Simulator will start without a wave window. If you want to open a wave window go to 'File->New Waveform Configuration' or type 'create_wave_config' in the TCL console."
#   }
# }
# run 1000ns
Correct Operation
$finish called at time : 40 ns : File "D:/Auc_Crs/Sprng24/Arch_lab/Single Cycle Implementation of RISC-V/Single Cycle Implementation of RISC-V.srcs/sim_1/new/N_bit_register_tb.v" Line 70
INFO: [USF-XSim-96] XSim completed. Design snapshot 'N_bit_register_tb_behav' loaded.
INFO: [USF-XSim-97] XSim simulation ran for 1000ns
launch_simulation: Time (s): cpu = 00:00:01 ; elapsed = 00:00:06 . Memory (MB): peak = 898.723 ; gain = 0.000
close_sim
INFO: [Simtcl 6-16] Simulation closed
launch_simulation
INFO: [Vivado 12-5682] Launching behavioral simulation in 'D:/Auc_Crs/Sprng24/Arch_lab/Single Cycle Implementation of RISC-V/Single Cycle Implementation of RISC-V.sim/sim_1/behav/xsim'
INFO: [SIM-utils-51] Simulation object is 'sim_1'
INFO: [SIM-utils-54] Inspecting design source files for 'N_bit_register_tb' in fileset 'sim_1'...
INFO: [USF-XSim-97] Finding global include files...
INFO: [USF-XSim-98] Fetching design files from 'sim_1'...
INFO: [USF-XSim-2] XSim::Compile design
INFO: [USF-XSim-61] Executing 'COMPILE and ANALYZE' step in 'D:/Auc_Crs/Sprng24/Arch_lab/Single Cycle Implementation of RISC-V/Single Cycle Implementation of RISC-V.sim/sim_1/behav/xsim'
"xvlog --incr --relax -prj N_bit_register_tb_vlog.prj"
INFO: [VRFC 10-2263] Analyzing Verilog file "D:/Auc_Crs/Sprng24/Arch_lab/Single Cycle Implementation of RISC-V/Single Cycle Implementation of RISC-V.srcs/sources_1/new/DFlipFlop.v" into library xil_defaultlib
INFO: [VRFC 10-311] analyzing module DFlipFlop
INFO: [VRFC 10-2263] Analyzing Verilog file "D:/Auc_Crs/Sprng24/Arch_lab/Single Cycle Implementation of RISC-V/Single Cycle Implementation of RISC-V.srcs/sources_1/new/N_bit_register.v" into library xil_defaultlib
INFO: [VRFC 10-311] analyzing module N_bit_register
INFO: [VRFC 10-2263] Analyzing Verilog file "D:/Auc_Crs/Sprng24/Arch_lab/Single Cycle Implementation of RISC-V/Single Cycle Implementation of RISC-V.srcs/sim_1/new/N_bit_register_tb.v" into library xil_defaultlib
INFO: [VRFC 10-311] analyzing module N_bit_register_tb
INFO: [USF-XSim-69] 'compile' step finished in '1' seconds
INFO: [USF-XSim-3] XSim::Elaborate design
INFO: [USF-XSim-61] Executing 'ELABORATE' step in 'D:/Auc_Crs/Sprng24/Arch_lab/Single Cycle Implementation of RISC-V/Single Cycle Implementation of RISC-V.sim/sim_1/behav/xsim'
Vivado Simulator 2018.2
Copyright 1986-1999, 2001-2018 Xilinx, Inc. All Rights Reserved.
Running: D:/Xilinx/Vivado/2018.2/bin/unwrapped/win64.o/xelab.exe -wto c5697a1fee564a8f87a9c1b0f1e2a3ac --incr --debug typical --relax --mt 2 -L xil_defaultlib -L unisims_ver -L unimacro_ver -L secureip --snapshot N_bit_register_tb_behav xil_defaultlib.N_bit_register_tb xil_defaultlib.glbl -log elaborate.log 
Using 2 slave threads.
Starting static elaboration
Completed static elaboration
Starting simulation data flow analysis
Completed simulation data flow analysis
Time Resolution for simulation is 1ps
Compiling module xil_defaultlib.DFlipFlop
Compiling module xil_defaultlib.N_bit_register(N=32)
Compiling module xil_defaultlib.N_bit_register_tb
Compiling module xil_defaultlib.glbl
Built simulation snapshot N_bit_register_tb_behav
INFO: [USF-XSim-69] 'elaborate' step finished in '3' seconds
INFO: [USF-XSim-4] XSim::Simulate design
INFO: [USF-XSim-61] Executing 'SIMULATE' step in 'D:/Auc_Crs/Sprng24/Arch_lab/Single Cycle Implementation of RISC-V/Single Cycle Implementation of RISC-V.sim/sim_1/behav/xsim'
INFO: [USF-XSim-98] *** Running xsim
   with args "N_bit_register_tb_behav -key {Behavioral:sim_1:Functional:N_bit_register_tb} -tclbatch {N_bit_register_tb.tcl} -log {simulate.log}"
INFO: [USF-XSim-8] Loading simulator feature
Vivado Simulator 2018.2
Time resolution is 1 ps
source N_bit_register_tb.tcl
# set curr_wave [current_wave_config]
# if { [string length $curr_wave] == 0 } {
#   if { [llength [get_objects]] > 0} {
#     add_wave /
#     set_property needs_save false [current_wave_config]
#   } else {
#      send_msg_id Add_Wave-1 WARNING "No top level signals found. Simulator will start without a wave window. If you want to open a wave window go to 'File->New Waveform Configuration' or type 'create_wave_config' in the TCL console."
#   }
# }
# run 1000ns
Correct Operation
$finish called at time : 40 ns : File "D:/Auc_Crs/Sprng24/Arch_lab/Single Cycle Implementation of RISC-V/Single Cycle Implementation of RISC-V.srcs/sim_1/new/N_bit_register_tb.v" Line 71
INFO: [USF-XSim-96] XSim completed. Design snapshot 'N_bit_register_tb_behav' loaded.
INFO: [USF-XSim-97] XSim simulation ran for 1000ns
launch_simulation: Time (s): cpu = 00:00:00 ; elapsed = 00:00:06 . Memory (MB): peak = 899.680 ; gain = 0.000
close [ open {D:/Auc_Crs/Sprng24/Arch_lab/Single Cycle Implementation of RISC-V/Single Cycle Implementation of RISC-V.srcs/sources_1/new/MUX.v} w ]
add_files {{D:/Auc_Crs/Sprng24/Arch_lab/Single Cycle Implementation of RISC-V/Single Cycle Implementation of RISC-V.srcs/sources_1/new/MUX.v}}
update_compile_order -fileset sources_1
set_property SOURCE_SET sources_1 [get_filesets sim_1]
close [ open {D:/Auc_Crs/Sprng24/Arch_lab/Single Cycle Implementation of RISC-V/Single Cycle Implementation of RISC-V.srcs/sim_1/new/MUX_tb.v} w ]
add_files -fileset sim_1 {{D:/Auc_Crs/Sprng24/Arch_lab/Single Cycle Implementation of RISC-V/Single Cycle Implementation of RISC-V.srcs/sim_1/new/MUX_tb.v}}
update_compile_order -fileset sim_1
close_sim
INFO: [Simtcl 6-16] Simulation closed
launch_simulation
INFO: [Vivado 12-5682] Launching behavioral simulation in 'D:/Auc_Crs/Sprng24/Arch_lab/Single Cycle Implementation of RISC-V/Single Cycle Implementation of RISC-V.sim/sim_1/behav/xsim'
INFO: [SIM-utils-51] Simulation object is 'sim_1'
INFO: [SIM-utils-54] Inspecting design source files for 'N_bit_register_tb' in fileset 'sim_1'...
INFO: [USF-XSim-97] Finding global include files...
INFO: [USF-XSim-98] Fetching design files from 'sim_1'...
INFO: [USF-XSim-2] XSim::Compile design
INFO: [USF-XSim-61] Executing 'COMPILE and ANALYZE' step in 'D:/Auc_Crs/Sprng24/Arch_lab/Single Cycle Implementation of RISC-V/Single Cycle Implementation of RISC-V.sim/sim_1/behav/xsim'
"xvlog --incr --relax -prj N_bit_register_tb_vlog.prj"
INFO: [USF-XSim-69] 'compile' step finished in '2' seconds
INFO: [USF-XSim-3] XSim::Elaborate design
INFO: [USF-XSim-61] Executing 'ELABORATE' step in 'D:/Auc_Crs/Sprng24/Arch_lab/Single Cycle Implementation of RISC-V/Single Cycle Implementation of RISC-V.sim/sim_1/behav/xsim'
Vivado Simulator 2018.2
Copyright 1986-1999, 2001-2018 Xilinx, Inc. All Rights Reserved.
Running: D:/Xilinx/Vivado/2018.2/bin/unwrapped/win64.o/xelab.exe -wto c5697a1fee564a8f87a9c1b0f1e2a3ac --incr --debug typical --relax --mt 2 -L xil_defaultlib -L unisims_ver -L unimacro_ver -L secureip --snapshot N_bit_register_tb_behav xil_defaultlib.N_bit_register_tb xil_defaultlib.glbl -log elaborate.log 
Using 2 slave threads.
Starting static elaboration
Completed static elaboration
INFO: [XSIM 43-4323] No Change in HDL. Linking previously generated obj files to create kernel
run_program: Time (s): cpu = 00:00:00 ; elapsed = 00:00:05 . Memory (MB): peak = 905.293 ; gain = 0.000
INFO: [USF-XSim-69] 'elaborate' step finished in '5' seconds
INFO: [USF-XSim-4] XSim::Simulate design
INFO: [USF-XSim-61] Executing 'SIMULATE' step in 'D:/Auc_Crs/Sprng24/Arch_lab/Single Cycle Implementation of RISC-V/Single Cycle Implementation of RISC-V.sim/sim_1/behav/xsim'
INFO: [USF-XSim-98] *** Running xsim
   with args "N_bit_register_tb_behav -key {Behavioral:sim_1:Functional:N_bit_register_tb} -tclbatch {N_bit_register_tb.tcl} -log {simulate.log}"
INFO: [USF-XSim-8] Loading simulator feature
Vivado Simulator 2018.2
Time resolution is 1 ps
source N_bit_register_tb.tcl
# set curr_wave [current_wave_config]
# if { [string length $curr_wave] == 0 } {
#   if { [llength [get_objects]] > 0} {
#     add_wave /
#     set_property needs_save false [current_wave_config]
#   } else {
#      send_msg_id Add_Wave-1 WARNING "No top level signals found. Simulator will start without a wave window. If you want to open a wave window go to 'File->New Waveform Configuration' or type 'create_wave_config' in the TCL console."
#   }
# }
# run 1000ns
Correct Operation
$finish called at time : 40 ns : File "D:/Auc_Crs/Sprng24/Arch_lab/Single Cycle Implementation of RISC-V/Single Cycle Implementation of RISC-V.srcs/sim_1/new/N_bit_register_tb.v" Line 71
INFO: [USF-XSim-96] XSim completed. Design snapshot 'N_bit_register_tb_behav' loaded.
INFO: [USF-XSim-97] XSim simulation ran for 1000ns
launch_simulation: Time (s): cpu = 00:00:01 ; elapsed = 00:00:10 . Memory (MB): peak = 905.293 ; gain = 0.000
set_property top MUX [current_fileset]
update_compile_order -fileset sources_1
set_property top MUX_tb [get_filesets sim_1]
set_property top_lib xil_defaultlib [get_filesets sim_1]
update_compile_order -fileset sim_1
launch_simulation
INFO: [Vivado 12-5682] Launching behavioral simulation in 'D:/Auc_Crs/Sprng24/Arch_lab/Single Cycle Implementation of RISC-V/Single Cycle Implementation of RISC-V.sim/sim_1/behav/xsim'
INFO: [SIM-utils-51] Simulation object is 'sim_1'
INFO: [SIM-utils-54] Inspecting design source files for 'MUX_tb' in fileset 'sim_1'...
INFO: [USF-XSim-97] Finding global include files...
INFO: [USF-XSim-98] Fetching design files from 'sim_1'...
INFO: [USF-XSim-2] XSim::Compile design
INFO: [USF-XSim-61] Executing 'COMPILE and ANALYZE' step in 'D:/Auc_Crs/Sprng24/Arch_lab/Single Cycle Implementation of RISC-V/Single Cycle Implementation of RISC-V.sim/sim_1/behav/xsim'
"xvlog --incr --relax -prj MUX_tb_vlog.prj"
INFO: [VRFC 10-2263] Analyzing Verilog file "D:/Auc_Crs/Sprng24/Arch_lab/Single Cycle Implementation of RISC-V/Single Cycle Implementation of RISC-V.srcs/sim_1/new/MUX_tb.v" into library xil_defaultlib
INFO: [VRFC 10-311] analyzing module MUX_tb
INFO: [USF-XSim-69] 'compile' step finished in '1' seconds
INFO: [USF-XSim-3] XSim::Elaborate design
INFO: [USF-XSim-61] Executing 'ELABORATE' step in 'D:/Auc_Crs/Sprng24/Arch_lab/Single Cycle Implementation of RISC-V/Single Cycle Implementation of RISC-V.sim/sim_1/behav/xsim'
Vivado Simulator 2018.2
Copyright 1986-1999, 2001-2018 Xilinx, Inc. All Rights Reserved.
Running: D:/Xilinx/Vivado/2018.2/bin/unwrapped/win64.o/xelab.exe -wto c5697a1fee564a8f87a9c1b0f1e2a3ac --incr --debug typical --relax --mt 2 -L xil_defaultlib -L unisims_ver -L unimacro_ver -L secureip --snapshot MUX_tb_behav xil_defaultlib.MUX_tb xil_defaultlib.glbl -log elaborate.log 
Using 2 slave threads.
Starting static elaboration
ERROR: [VRFC 10-91] b0 is not declared [D:/Auc_Crs/Sprng24/Arch_lab/Single Cycle Implementation of RISC-V/Single Cycle Implementation of RISC-V.srcs/sim_1/new/MUX_tb.v:38]
ERROR: [XSIM 43-3322] Static elaboration of top level Verilog design unit(s) in library work failed.
INFO: [USF-XSim-69] 'elaborate' step finished in '2' seconds
INFO: [USF-XSim-99] Step results log file:'D:/Auc_Crs/Sprng24/Arch_lab/Single Cycle Implementation of RISC-V/Single Cycle Implementation of RISC-V.sim/sim_1/behav/xsim/elaborate.log'
ERROR: [USF-XSim-62] 'elaborate' step failed with error(s). Please check the Tcl console output or 'D:/Auc_Crs/Sprng24/Arch_lab/Single Cycle Implementation of RISC-V/Single Cycle Implementation of RISC-V.sim/sim_1/behav/xsim/elaborate.log' file for more information.
ERROR: [Vivado 12-4473] Detected error while running simulation. Please correct the issue and retry this operation.
ERROR: [Common 17-39] 'launch_simulation' failed due to earlier errors.
launch_simulation
INFO: [Vivado 12-5682] Launching behavioral simulation in 'D:/Auc_Crs/Sprng24/Arch_lab/Single Cycle Implementation of RISC-V/Single Cycle Implementation of RISC-V.sim/sim_1/behav/xsim'
INFO: [SIM-utils-51] Simulation object is 'sim_1'
INFO: [SIM-utils-54] Inspecting design source files for 'MUX_tb' in fileset 'sim_1'...
INFO: [USF-XSim-97] Finding global include files...
INFO: [USF-XSim-98] Fetching design files from 'sim_1'...
INFO: [USF-XSim-2] XSim::Compile design
INFO: [USF-XSim-61] Executing 'COMPILE and ANALYZE' step in 'D:/Auc_Crs/Sprng24/Arch_lab/Single Cycle Implementation of RISC-V/Single Cycle Implementation of RISC-V.sim/sim_1/behav/xsim'
"xvlog --incr --relax -prj MUX_tb_vlog.prj"
INFO: [VRFC 10-2263] Analyzing Verilog file "D:/Auc_Crs/Sprng24/Arch_lab/Single Cycle Implementation of RISC-V/Single Cycle Implementation of RISC-V.srcs/sources_1/new/MUX.v" into library xil_defaultlib
INFO: [VRFC 10-311] analyzing module MUX
INFO: [VRFC 10-2263] Analyzing Verilog file "D:/Auc_Crs/Sprng24/Arch_lab/Single Cycle Implementation of RISC-V/Single Cycle Implementation of RISC-V.srcs/sim_1/new/MUX_tb.v" into library xil_defaultlib
INFO: [VRFC 10-311] analyzing module MUX_tb
INFO: [USF-XSim-69] 'compile' step finished in '1' seconds
INFO: [USF-XSim-3] XSim::Elaborate design
INFO: [USF-XSim-61] Executing 'ELABORATE' step in 'D:/Auc_Crs/Sprng24/Arch_lab/Single Cycle Implementation of RISC-V/Single Cycle Implementation of RISC-V.sim/sim_1/behav/xsim'
Vivado Simulator 2018.2
Copyright 1986-1999, 2001-2018 Xilinx, Inc. All Rights Reserved.
Running: D:/Xilinx/Vivado/2018.2/bin/unwrapped/win64.o/xelab.exe -wto c5697a1fee564a8f87a9c1b0f1e2a3ac --incr --debug typical --relax --mt 2 -L xil_defaultlib -L unisims_ver -L unimacro_ver -L secureip --snapshot MUX_tb_behav xil_defaultlib.MUX_tb xil_defaultlib.glbl -log elaborate.log 
Using 2 slave threads.
Starting static elaboration
ERROR: [VRFC 10-91] b0 is not declared [D:/Auc_Crs/Sprng24/Arch_lab/Single Cycle Implementation of RISC-V/Single Cycle Implementation of RISC-V.srcs/sim_1/new/MUX_tb.v:39]
ERROR: [XSIM 43-3322] Static elaboration of top level Verilog design unit(s) in library work failed.
INFO: [USF-XSim-69] 'elaborate' step finished in '2' seconds
INFO: [USF-XSim-99] Step results log file:'D:/Auc_Crs/Sprng24/Arch_lab/Single Cycle Implementation of RISC-V/Single Cycle Implementation of RISC-V.sim/sim_1/behav/xsim/elaborate.log'
ERROR: [USF-XSim-62] 'elaborate' step failed with error(s). Please check the Tcl console output or 'D:/Auc_Crs/Sprng24/Arch_lab/Single Cycle Implementation of RISC-V/Single Cycle Implementation of RISC-V.sim/sim_1/behav/xsim/elaborate.log' file for more information.
ERROR: [Vivado 12-4473] Detected error while running simulation. Please correct the issue and retry this operation.
ERROR: [Common 17-39] 'launch_simulation' failed due to earlier errors.
launch_simulation
INFO: [Vivado 12-5682] Launching behavioral simulation in 'D:/Auc_Crs/Sprng24/Arch_lab/Single Cycle Implementation of RISC-V/Single Cycle Implementation of RISC-V.sim/sim_1/behav/xsim'
INFO: [SIM-utils-51] Simulation object is 'sim_1'
INFO: [SIM-utils-54] Inspecting design source files for 'MUX_tb' in fileset 'sim_1'...
INFO: [USF-XSim-97] Finding global include files...
INFO: [USF-XSim-98] Fetching design files from 'sim_1'...
INFO: [USF-XSim-2] XSim::Compile design
INFO: [USF-XSim-61] Executing 'COMPILE and ANALYZE' step in 'D:/Auc_Crs/Sprng24/Arch_lab/Single Cycle Implementation of RISC-V/Single Cycle Implementation of RISC-V.sim/sim_1/behav/xsim'
"xvlog --incr --relax -prj MUX_tb_vlog.prj"
INFO: [VRFC 10-2263] Analyzing Verilog file "D:/Auc_Crs/Sprng24/Arch_lab/Single Cycle Implementation of RISC-V/Single Cycle Implementation of RISC-V.srcs/sources_1/new/MUX.v" into library xil_defaultlib
INFO: [VRFC 10-311] analyzing module MUX
INFO: [VRFC 10-2263] Analyzing Verilog file "D:/Auc_Crs/Sprng24/Arch_lab/Single Cycle Implementation of RISC-V/Single Cycle Implementation of RISC-V.srcs/sim_1/new/MUX_tb.v" into library xil_defaultlib
INFO: [VRFC 10-311] analyzing module MUX_tb
INFO: [USF-XSim-69] 'compile' step finished in '1' seconds
INFO: [USF-XSim-3] XSim::Elaborate design
INFO: [USF-XSim-61] Executing 'ELABORATE' step in 'D:/Auc_Crs/Sprng24/Arch_lab/Single Cycle Implementation of RISC-V/Single Cycle Implementation of RISC-V.sim/sim_1/behav/xsim'
Vivado Simulator 2018.2
Copyright 1986-1999, 2001-2018 Xilinx, Inc. All Rights Reserved.
Running: D:/Xilinx/Vivado/2018.2/bin/unwrapped/win64.o/xelab.exe -wto c5697a1fee564a8f87a9c1b0f1e2a3ac --incr --debug typical --relax --mt 2 -L xil_defaultlib -L unisims_ver -L unimacro_ver -L secureip --snapshot MUX_tb_behav xil_defaultlib.MUX_tb xil_defaultlib.glbl -log elaborate.log 
Using 2 slave threads.
Starting static elaboration
Completed static elaboration
Starting simulation data flow analysis
Completed simulation data flow analysis
Time Resolution for simulation is 1ps
Compiling module xil_defaultlib.MUX
Compiling module xil_defaultlib.MUX_tb
Compiling module xil_defaultlib.glbl
Built simulation snapshot MUX_tb_behav

****** Webtalk v2018.2 (64-bit)
  **** SW Build 2258646 on Thu Jun 14 20:03:12 MDT 2018
  **** IP Build 2256618 on Thu Jun 14 22:10:49 MDT 2018
    ** Copyright 1986-2018 Xilinx, Inc. All Rights Reserved.

source D:/Auc_Crs/Sprng24/Arch_lab/Single -notrace
couldn't read file "D:/Auc_Crs/Sprng24/Arch_lab/Single": permission denied
INFO: [Common 17-206] Exiting Webtalk at Tue Feb 20 09:58:22 2024...
INFO: [USF-XSim-69] 'elaborate' step finished in '3' seconds
INFO: [USF-XSim-4] XSim::Simulate design
INFO: [USF-XSim-61] Executing 'SIMULATE' step in 'D:/Auc_Crs/Sprng24/Arch_lab/Single Cycle Implementation of RISC-V/Single Cycle Implementation of RISC-V.sim/sim_1/behav/xsim'
INFO: [USF-XSim-98] *** Running xsim
   with args "MUX_tb_behav -key {Behavioral:sim_1:Functional:MUX_tb} -tclbatch {MUX_tb.tcl} -log {simulate.log}"
INFO: [USF-XSim-8] Loading simulator feature
Vivado Simulator 2018.2
Time resolution is 1 ps
source MUX_tb.tcl
# set curr_wave [current_wave_config]
# if { [string length $curr_wave] == 0 } {
#   if { [llength [get_objects]] > 0} {
#     add_wave /
#     set_property needs_save false [current_wave_config]
#   } else {
#      send_msg_id Add_Wave-1 WARNING "No top level signals found. Simulator will start without a wave window. If you want to open a wave window go to 'File->New Waveform Configuration' or type 'create_wave_config' in the TCL console."
#   }
# }
# run 1000ns
$finish called at time : 40 ns : File "D:/Auc_Crs/Sprng24/Arch_lab/Single Cycle Implementation of RISC-V/Single Cycle Implementation of RISC-V.srcs/sim_1/new/MUX_tb.v" Line 56
INFO: [USF-XSim-96] XSim completed. Design snapshot 'MUX_tb_behav' loaded.
INFO: [USF-XSim-97] XSim simulation ran for 1000ns
launch_simulation: Time (s): cpu = 00:00:02 ; elapsed = 00:00:07 . Memory (MB): peak = 920.016 ; gain = 0.000
close_sim
INFO: [Simtcl 6-16] Simulation closed
launch_simulation
INFO: [Vivado 12-5682] Launching behavioral simulation in 'D:/Auc_Crs/Sprng24/Arch_lab/Single Cycle Implementation of RISC-V/Single Cycle Implementation of RISC-V.sim/sim_1/behav/xsim'
INFO: [SIM-utils-51] Simulation object is 'sim_1'
INFO: [SIM-utils-54] Inspecting design source files for 'MUX_tb' in fileset 'sim_1'...
INFO: [USF-XSim-97] Finding global include files...
INFO: [USF-XSim-98] Fetching design files from 'sim_1'...
INFO: [USF-XSim-2] XSim::Compile design
INFO: [USF-XSim-61] Executing 'COMPILE and ANALYZE' step in 'D:/Auc_Crs/Sprng24/Arch_lab/Single Cycle Implementation of RISC-V/Single Cycle Implementation of RISC-V.sim/sim_1/behav/xsim'
"xvlog --incr --relax -prj MUX_tb_vlog.prj"
INFO: [VRFC 10-2263] Analyzing Verilog file "D:/Auc_Crs/Sprng24/Arch_lab/Single Cycle Implementation of RISC-V/Single Cycle Implementation of RISC-V.srcs/sources_1/new/MUX.v" into library xil_defaultlib
INFO: [VRFC 10-311] analyzing module MUX
INFO: [VRFC 10-2263] Analyzing Verilog file "D:/Auc_Crs/Sprng24/Arch_lab/Single Cycle Implementation of RISC-V/Single Cycle Implementation of RISC-V.srcs/sim_1/new/MUX_tb.v" into library xil_defaultlib
INFO: [VRFC 10-311] analyzing module MUX_tb
INFO: [USF-XSim-69] 'compile' step finished in '1' seconds
INFO: [USF-XSim-3] XSim::Elaborate design
INFO: [USF-XSim-61] Executing 'ELABORATE' step in 'D:/Auc_Crs/Sprng24/Arch_lab/Single Cycle Implementation of RISC-V/Single Cycle Implementation of RISC-V.sim/sim_1/behav/xsim'
Vivado Simulator 2018.2
Copyright 1986-1999, 2001-2018 Xilinx, Inc. All Rights Reserved.
Running: D:/Xilinx/Vivado/2018.2/bin/unwrapped/win64.o/xelab.exe -wto c5697a1fee564a8f87a9c1b0f1e2a3ac --incr --debug typical --relax --mt 2 -L xil_defaultlib -L unisims_ver -L unimacro_ver -L secureip --snapshot MUX_tb_behav xil_defaultlib.MUX_tb xil_defaultlib.glbl -log elaborate.log 
Using 2 slave threads.
Starting static elaboration
Completed static elaboration
Starting simulation data flow analysis
Completed simulation data flow analysis
Time Resolution for simulation is 1ps
Compiling module xil_defaultlib.MUX
Compiling module xil_defaultlib.MUX_tb
Compiling module xil_defaultlib.glbl
Built simulation snapshot MUX_tb_behav
INFO: [USF-XSim-69] 'elaborate' step finished in '4' seconds
INFO: [USF-XSim-4] XSim::Simulate design
INFO: [USF-XSim-61] Executing 'SIMULATE' step in 'D:/Auc_Crs/Sprng24/Arch_lab/Single Cycle Implementation of RISC-V/Single Cycle Implementation of RISC-V.sim/sim_1/behav/xsim'
INFO: [USF-XSim-98] *** Running xsim
   with args "MUX_tb_behav -key {Behavioral:sim_1:Functional:MUX_tb} -tclbatch {MUX_tb.tcl} -log {simulate.log}"
INFO: [USF-XSim-8] Loading simulator feature
Vivado Simulator 2018.2
Time resolution is 1 ps
source MUX_tb.tcl
# set curr_wave [current_wave_config]
# if { [string length $curr_wave] == 0 } {
#   if { [llength [get_objects]] > 0} {
#     add_wave /
#     set_property needs_save false [current_wave_config]
#   } else {
#      send_msg_id Add_Wave-1 WARNING "No top level signals found. Simulator will start without a wave window. If you want to open a wave window go to 'File->New Waveform Configuration' or type 'create_wave_config' in the TCL console."
#   }
# }
# run 1000ns
$finish called at time : 40 ns : File "D:/Auc_Crs/Sprng24/Arch_lab/Single Cycle Implementation of RISC-V/Single Cycle Implementation of RISC-V.srcs/sim_1/new/MUX_tb.v" Line 56
INFO: [USF-XSim-96] XSim completed. Design snapshot 'MUX_tb_behav' loaded.
INFO: [USF-XSim-97] XSim simulation ran for 1000ns
launch_simulation: Time (s): cpu = 00:00:00 ; elapsed = 00:00:06 . Memory (MB): peak = 921.012 ; gain = 0.000
close [ open {D:/Auc_Crs/Sprng24/Arch_lab/Single Cycle Implementation of RISC-V/Single Cycle Implementation of RISC-V.srcs/sources_1/new/n_bit_2_x_1_MUX.v} w ]
add_files {{D:/Auc_Crs/Sprng24/Arch_lab/Single Cycle Implementation of RISC-V/Single Cycle Implementation of RISC-V.srcs/sources_1/new/n_bit_2_x_1_MUX.v}}
update_compile_order -fileset sources_1
set_property SOURCE_SET sources_1 [get_filesets sim_1]
close [ open {D:/Auc_Crs/Sprng24/Arch_lab/Single Cycle Implementation of RISC-V/Single Cycle Implementation of RISC-V.srcs/sim_1/new/n_bit_2_x_1_MUX_tb.v} w ]
add_files -fileset sim_1 {{D:/Auc_Crs/Sprng24/Arch_lab/Single Cycle Implementation of RISC-V/Single Cycle Implementation of RISC-V.srcs/sim_1/new/n_bit_2_x_1_MUX_tb.v}}
update_compile_order -fileset sim_1
set_property top n_bit_2_x_1_MUX [current_fileset]
update_compile_order -fileset sources_1
set_property top n_bit_2_x_1_MUX_tb [get_filesets sim_1]
set_property top_lib xil_defaultlib [get_filesets sim_1]
update_compile_order -fileset sim_1
launch_simulation
INFO: [Vivado 12-5682] Launching behavioral simulation in 'D:/Auc_Crs/Sprng24/Arch_lab/Single Cycle Implementation of RISC-V/Single Cycle Implementation of RISC-V.sim/sim_1/behav/xsim'
INFO: [SIM-utils-51] Simulation object is 'sim_1'
INFO: [SIM-utils-54] Inspecting design source files for 'n_bit_2_x_1_MUX_tb' in fileset 'sim_1'...
INFO: [USF-XSim-97] Finding global include files...
INFO: [USF-XSim-98] Fetching design files from 'sim_1'...
INFO: [USF-XSim-2] XSim::Compile design
INFO: [USF-XSim-61] Executing 'COMPILE and ANALYZE' step in 'D:/Auc_Crs/Sprng24/Arch_lab/Single Cycle Implementation of RISC-V/Single Cycle Implementation of RISC-V.sim/sim_1/behav/xsim'
"xvlog --incr --relax -prj n_bit_2_x_1_MUX_tb_vlog.prj"
INFO: [VRFC 10-2263] Analyzing Verilog file "D:/Auc_Crs/Sprng24/Arch_lab/Single Cycle Implementation of RISC-V/Single Cycle Implementation of RISC-V.srcs/sim_1/new/n_bit_2_x_1_MUX_tb.v" into library xil_defaultlib
INFO: [VRFC 10-311] analyzing module n_bit_2_x_1_MUX_tb
INFO: [USF-XSim-69] 'compile' step finished in '2' seconds
INFO: [USF-XSim-3] XSim::Elaborate design
INFO: [USF-XSim-61] Executing 'ELABORATE' step in 'D:/Auc_Crs/Sprng24/Arch_lab/Single Cycle Implementation of RISC-V/Single Cycle Implementation of RISC-V.sim/sim_1/behav/xsim'
Vivado Simulator 2018.2
Copyright 1986-1999, 2001-2018 Xilinx, Inc. All Rights Reserved.
Running: D:/Xilinx/Vivado/2018.2/bin/unwrapped/win64.o/xelab.exe -wto c5697a1fee564a8f87a9c1b0f1e2a3ac --incr --debug typical --relax --mt 2 -L xil_defaultlib -L unisims_ver -L unimacro_ver -L secureip --snapshot n_bit_2_x_1_MUX_tb_behav xil_defaultlib.n_bit_2_x_1_MUX_tb xil_defaultlib.glbl -log elaborate.log 
Using 2 slave threads.
Starting static elaboration
ERROR: [VRFC 10-91] b0 is not declared [D:/Auc_Crs/Sprng24/Arch_lab/Single Cycle Implementation of RISC-V/Single Cycle Implementation of RISC-V.srcs/sim_1/new/n_bit_2_x_1_MUX_tb.v:33]
ERROR: [XSIM 43-3322] Static elaboration of top level Verilog design unit(s) in library work failed.
INFO: [USF-XSim-69] 'elaborate' step finished in '2' seconds
INFO: [USF-XSim-99] Step results log file:'D:/Auc_Crs/Sprng24/Arch_lab/Single Cycle Implementation of RISC-V/Single Cycle Implementation of RISC-V.sim/sim_1/behav/xsim/elaborate.log'
ERROR: [USF-XSim-62] 'elaborate' step failed with error(s). Please check the Tcl console output or 'D:/Auc_Crs/Sprng24/Arch_lab/Single Cycle Implementation of RISC-V/Single Cycle Implementation of RISC-V.sim/sim_1/behav/xsim/elaborate.log' file for more information.
ERROR: [Vivado 12-4473] Detected error while running simulation. Please correct the issue and retry this operation.
launch_simulation: Time (s): cpu = 00:00:00 ; elapsed = 00:00:05 . Memory (MB): peak = 948.453 ; gain = 0.000
ERROR: [Common 17-39] 'launch_simulation' failed due to earlier errors.
launch_simulation
INFO: [Vivado 12-5682] Launching behavioral simulation in 'D:/Auc_Crs/Sprng24/Arch_lab/Single Cycle Implementation of RISC-V/Single Cycle Implementation of RISC-V.sim/sim_1/behav/xsim'
INFO: [SIM-utils-51] Simulation object is 'sim_1'
INFO: [SIM-utils-54] Inspecting design source files for 'n_bit_2_x_1_MUX_tb' in fileset 'sim_1'...
INFO: [USF-XSim-97] Finding global include files...
INFO: [USF-XSim-98] Fetching design files from 'sim_1'...
INFO: [USF-XSim-2] XSim::Compile design
INFO: [USF-XSim-61] Executing 'COMPILE and ANALYZE' step in 'D:/Auc_Crs/Sprng24/Arch_lab/Single Cycle Implementation of RISC-V/Single Cycle Implementation of RISC-V.sim/sim_1/behav/xsim'
"xvlog --incr --relax -prj n_bit_2_x_1_MUX_tb_vlog.prj"
INFO: [VRFC 10-2263] Analyzing Verilog file "D:/Auc_Crs/Sprng24/Arch_lab/Single Cycle Implementation of RISC-V/Single Cycle Implementation of RISC-V.srcs/sources_1/new/MUX.v" into library xil_defaultlib
INFO: [VRFC 10-311] analyzing module MUX
INFO: [VRFC 10-2263] Analyzing Verilog file "D:/Auc_Crs/Sprng24/Arch_lab/Single Cycle Implementation of RISC-V/Single Cycle Implementation of RISC-V.srcs/sources_1/new/n_bit_2_x_1_MUX.v" into library xil_defaultlib
INFO: [VRFC 10-311] analyzing module n_bit_2_x_1_MUX
INFO: [VRFC 10-2263] Analyzing Verilog file "D:/Auc_Crs/Sprng24/Arch_lab/Single Cycle Implementation of RISC-V/Single Cycle Implementation of RISC-V.srcs/sim_1/new/n_bit_2_x_1_MUX_tb.v" into library xil_defaultlib
INFO: [VRFC 10-311] analyzing module n_bit_2_x_1_MUX_tb
INFO: [USF-XSim-69] 'compile' step finished in '1' seconds
INFO: [USF-XSim-3] XSim::Elaborate design
INFO: [USF-XSim-61] Executing 'ELABORATE' step in 'D:/Auc_Crs/Sprng24/Arch_lab/Single Cycle Implementation of RISC-V/Single Cycle Implementation of RISC-V.sim/sim_1/behav/xsim'
Vivado Simulator 2018.2
Copyright 1986-1999, 2001-2018 Xilinx, Inc. All Rights Reserved.
Running: D:/Xilinx/Vivado/2018.2/bin/unwrapped/win64.o/xelab.exe -wto c5697a1fee564a8f87a9c1b0f1e2a3ac --incr --debug typical --relax --mt 2 -L xil_defaultlib -L unisims_ver -L unimacro_ver -L secureip --snapshot n_bit_2_x_1_MUX_tb_behav xil_defaultlib.n_bit_2_x_1_MUX_tb xil_defaultlib.glbl -log elaborate.log 
Using 2 slave threads.
Starting static elaboration
ERROR: [VRFC 10-91] b0 is not declared [D:/Auc_Crs/Sprng24/Arch_lab/Single Cycle Implementation of RISC-V/Single Cycle Implementation of RISC-V.srcs/sim_1/new/n_bit_2_x_1_MUX_tb.v:35]
ERROR: [XSIM 43-3322] Static elaboration of top level Verilog design unit(s) in library work failed.
INFO: [USF-XSim-69] 'elaborate' step finished in '2' seconds
INFO: [USF-XSim-99] Step results log file:'D:/Auc_Crs/Sprng24/Arch_lab/Single Cycle Implementation of RISC-V/Single Cycle Implementation of RISC-V.sim/sim_1/behav/xsim/elaborate.log'
ERROR: [USF-XSim-62] 'elaborate' step failed with error(s). Please check the Tcl console output or 'D:/Auc_Crs/Sprng24/Arch_lab/Single Cycle Implementation of RISC-V/Single Cycle Implementation of RISC-V.sim/sim_1/behav/xsim/elaborate.log' file for more information.
ERROR: [Vivado 12-4473] Detected error while running simulation. Please correct the issue and retry this operation.
ERROR: [Common 17-39] 'launch_simulation' failed due to earlier errors.
launch_simulation
INFO: [Vivado 12-5682] Launching behavioral simulation in 'D:/Auc_Crs/Sprng24/Arch_lab/Single Cycle Implementation of RISC-V/Single Cycle Implementation of RISC-V.sim/sim_1/behav/xsim'
INFO: [SIM-utils-51] Simulation object is 'sim_1'
INFO: [SIM-utils-54] Inspecting design source files for 'n_bit_2_x_1_MUX_tb' in fileset 'sim_1'...
INFO: [USF-XSim-97] Finding global include files...
INFO: [USF-XSim-98] Fetching design files from 'sim_1'...
INFO: [USF-XSim-2] XSim::Compile design
INFO: [USF-XSim-61] Executing 'COMPILE and ANALYZE' step in 'D:/Auc_Crs/Sprng24/Arch_lab/Single Cycle Implementation of RISC-V/Single Cycle Implementation of RISC-V.sim/sim_1/behav/xsim'
"xvlog --incr --relax -prj n_bit_2_x_1_MUX_tb_vlog.prj"
INFO: [VRFC 10-2263] Analyzing Verilog file "D:/Auc_Crs/Sprng24/Arch_lab/Single Cycle Implementation of RISC-V/Single Cycle Implementation of RISC-V.srcs/sources_1/new/MUX.v" into library xil_defaultlib
INFO: [VRFC 10-311] analyzing module MUX
INFO: [VRFC 10-2263] Analyzing Verilog file "D:/Auc_Crs/Sprng24/Arch_lab/Single Cycle Implementation of RISC-V/Single Cycle Implementation of RISC-V.srcs/sources_1/new/n_bit_2_x_1_MUX.v" into library xil_defaultlib
INFO: [VRFC 10-311] analyzing module n_bit_2_x_1_MUX
INFO: [VRFC 10-2263] Analyzing Verilog file "D:/Auc_Crs/Sprng24/Arch_lab/Single Cycle Implementation of RISC-V/Single Cycle Implementation of RISC-V.srcs/sim_1/new/n_bit_2_x_1_MUX_tb.v" into library xil_defaultlib
INFO: [VRFC 10-311] analyzing module n_bit_2_x_1_MUX_tb
INFO: [USF-XSim-69] 'compile' step finished in '2' seconds
INFO: [USF-XSim-3] XSim::Elaborate design
INFO: [USF-XSim-61] Executing 'ELABORATE' step in 'D:/Auc_Crs/Sprng24/Arch_lab/Single Cycle Implementation of RISC-V/Single Cycle Implementation of RISC-V.sim/sim_1/behav/xsim'
Vivado Simulator 2018.2
Copyright 1986-1999, 2001-2018 Xilinx, Inc. All Rights Reserved.
Running: D:/Xilinx/Vivado/2018.2/bin/unwrapped/win64.o/xelab.exe -wto c5697a1fee564a8f87a9c1b0f1e2a3ac --incr --debug typical --relax --mt 2 -L xil_defaultlib -L unisims_ver -L unimacro_ver -L secureip --snapshot n_bit_2_x_1_MUX_tb_behav xil_defaultlib.n_bit_2_x_1_MUX_tb xil_defaultlib.glbl -log elaborate.log 
Using 2 slave threads.
Starting static elaboration
Completed static elaboration
Starting simulation data flow analysis
Completed simulation data flow analysis
Time Resolution for simulation is 1ps
Compiling module xil_defaultlib.MUX
Compiling module xil_defaultlib.n_bit_2_x_1_MUX_default
Compiling module xil_defaultlib.n_bit_2_x_1_MUX_tb
Compiling module xil_defaultlib.glbl
Built simulation snapshot n_bit_2_x_1_MUX_tb_behav

****** Webtalk v2018.2 (64-bit)
  **** SW Build 2258646 on Thu Jun 14 20:03:12 MDT 2018
  **** IP Build 2256618 on Thu Jun 14 22:10:49 MDT 2018
    ** Copyright 1986-2018 Xilinx, Inc. All Rights Reserved.

source D:/Auc_Crs/Sprng24/Arch_lab/Single -notrace
couldn't read file "D:/Auc_Crs/Sprng24/Arch_lab/Single": permission denied
INFO: [Common 17-206] Exiting Webtalk at Tue Feb 20 10:20:13 2024...
run_program: Time (s): cpu = 00:00:00 ; elapsed = 00:00:08 . Memory (MB): peak = 948.453 ; gain = 0.000
INFO: [USF-XSim-69] 'elaborate' step finished in '8' seconds
INFO: [USF-XSim-4] XSim::Simulate design
INFO: [USF-XSim-61] Executing 'SIMULATE' step in 'D:/Auc_Crs/Sprng24/Arch_lab/Single Cycle Implementation of RISC-V/Single Cycle Implementation of RISC-V.sim/sim_1/behav/xsim'
INFO: [USF-XSim-98] *** Running xsim
   with args "n_bit_2_x_1_MUX_tb_behav -key {Behavioral:sim_1:Functional:n_bit_2_x_1_MUX_tb} -tclbatch {n_bit_2_x_1_MUX_tb.tcl} -log {simulate.log}"
INFO: [USF-XSim-8] Loading simulator feature
Vivado Simulator 2018.2
Time resolution is 1 ps
source n_bit_2_x_1_MUX_tb.tcl
# set curr_wave [current_wave_config]
# if { [string length $curr_wave] == 0 } {
#   if { [llength [get_objects]] > 0} {
#     add_wave /
#     set_property needs_save false [current_wave_config]
#   } else {
#      send_msg_id Add_Wave-1 WARNING "No top level signals found. Simulator will start without a wave window. If you want to open a wave window go to 'File->New Waveform Configuration' or type 'create_wave_config' in the TCL console."
#   }
# }
# run 1000ns
$finish called at time : 10 ns : File "D:/Auc_Crs/Sprng24/Arch_lab/Single Cycle Implementation of RISC-V/Single Cycle Implementation of RISC-V.srcs/sim_1/new/n_bit_2_x_1_MUX_tb.v" Line 45
INFO: [USF-XSim-96] XSim completed. Design snapshot 'n_bit_2_x_1_MUX_tb_behav' loaded.
INFO: [USF-XSim-97] XSim simulation ran for 1000ns
launch_simulation: Time (s): cpu = 00:00:00 ; elapsed = 00:00:11 . Memory (MB): peak = 948.453 ; gain = 0.000
close_sim
INFO: [Simtcl 6-16] Simulation closed
launch_simulation
INFO: [Vivado 12-5682] Launching behavioral simulation in 'D:/Auc_Crs/Sprng24/Arch_lab/Single Cycle Implementation of RISC-V/Single Cycle Implementation of RISC-V.sim/sim_1/behav/xsim'
INFO: [SIM-utils-51] Simulation object is 'sim_1'
INFO: [SIM-utils-54] Inspecting design source files for 'n_bit_2_x_1_MUX_tb' in fileset 'sim_1'...
INFO: [USF-XSim-97] Finding global include files...
INFO: [USF-XSim-98] Fetching design files from 'sim_1'...
INFO: [USF-XSim-2] XSim::Compile design
INFO: [USF-XSim-61] Executing 'COMPILE and ANALYZE' step in 'D:/Auc_Crs/Sprng24/Arch_lab/Single Cycle Implementation of RISC-V/Single Cycle Implementation of RISC-V.sim/sim_1/behav/xsim'
"xvlog --incr --relax -prj n_bit_2_x_1_MUX_tb_vlog.prj"
INFO: [VRFC 10-2263] Analyzing Verilog file "D:/Auc_Crs/Sprng24/Arch_lab/Single Cycle Implementation of RISC-V/Single Cycle Implementation of RISC-V.srcs/sources_1/new/MUX.v" into library xil_defaultlib
INFO: [VRFC 10-311] analyzing module MUX
INFO: [VRFC 10-2263] Analyzing Verilog file "D:/Auc_Crs/Sprng24/Arch_lab/Single Cycle Implementation of RISC-V/Single Cycle Implementation of RISC-V.srcs/sources_1/new/n_bit_2_x_1_MUX.v" into library xil_defaultlib
INFO: [VRFC 10-311] analyzing module n_bit_2_x_1_MUX
INFO: [VRFC 10-2263] Analyzing Verilog file "D:/Auc_Crs/Sprng24/Arch_lab/Single Cycle Implementation of RISC-V/Single Cycle Implementation of RISC-V.srcs/sim_1/new/n_bit_2_x_1_MUX_tb.v" into library xil_defaultlib
INFO: [VRFC 10-311] analyzing module n_bit_2_x_1_MUX_tb
INFO: [USF-XSim-69] 'compile' step finished in '1' seconds
INFO: [USF-XSim-3] XSim::Elaborate design
INFO: [USF-XSim-61] Executing 'ELABORATE' step in 'D:/Auc_Crs/Sprng24/Arch_lab/Single Cycle Implementation of RISC-V/Single Cycle Implementation of RISC-V.sim/sim_1/behav/xsim'
Vivado Simulator 2018.2
Copyright 1986-1999, 2001-2018 Xilinx, Inc. All Rights Reserved.
Running: D:/Xilinx/Vivado/2018.2/bin/unwrapped/win64.o/xelab.exe -wto c5697a1fee564a8f87a9c1b0f1e2a3ac --incr --debug typical --relax --mt 2 -L xil_defaultlib -L unisims_ver -L unimacro_ver -L secureip --snapshot n_bit_2_x_1_MUX_tb_behav xil_defaultlib.n_bit_2_x_1_MUX_tb xil_defaultlib.glbl -log elaborate.log 
Using 2 slave threads.
Starting static elaboration
Completed static elaboration
Starting simulation data flow analysis
Completed simulation data flow analysis
Time Resolution for simulation is 1ps
Compiling module xil_defaultlib.MUX
Compiling module xil_defaultlib.n_bit_2_x_1_MUX_default
Compiling module xil_defaultlib.n_bit_2_x_1_MUX_tb
Compiling module xil_defaultlib.glbl
Built simulation snapshot n_bit_2_x_1_MUX_tb_behav
INFO: [USF-XSim-69] 'elaborate' step finished in '3' seconds
INFO: [USF-XSim-4] XSim::Simulate design
INFO: [USF-XSim-61] Executing 'SIMULATE' step in 'D:/Auc_Crs/Sprng24/Arch_lab/Single Cycle Implementation of RISC-V/Single Cycle Implementation of RISC-V.sim/sim_1/behav/xsim'
INFO: [USF-XSim-98] *** Running xsim
   with args "n_bit_2_x_1_MUX_tb_behav -key {Behavioral:sim_1:Functional:n_bit_2_x_1_MUX_tb} -tclbatch {n_bit_2_x_1_MUX_tb.tcl} -log {simulate.log}"
INFO: [USF-XSim-8] Loading simulator feature
Vivado Simulator 2018.2
Time resolution is 1 ps
source n_bit_2_x_1_MUX_tb.tcl
# set curr_wave [current_wave_config]
# if { [string length $curr_wave] == 0 } {
#   if { [llength [get_objects]] > 0} {
#     add_wave /
#     set_property needs_save false [current_wave_config]
#   } else {
#      send_msg_id Add_Wave-1 WARNING "No top level signals found. Simulator will start without a wave window. If you want to open a wave window go to 'File->New Waveform Configuration' or type 'create_wave_config' in the TCL console."
#   }
# }
# run 1000ns
$finish called at time : 20 ns : File "D:/Auc_Crs/Sprng24/Arch_lab/Single Cycle Implementation of RISC-V/Single Cycle Implementation of RISC-V.srcs/sim_1/new/n_bit_2_x_1_MUX_tb.v" Line 46
INFO: [USF-XSim-96] XSim completed. Design snapshot 'n_bit_2_x_1_MUX_tb_behav' loaded.
INFO: [USF-XSim-97] XSim simulation ran for 1000ns
launch_simulation: Time (s): cpu = 00:00:01 ; elapsed = 00:00:06 . Memory (MB): peak = 948.453 ; gain = 0.000
launch_runs impl_1 -jobs 4
[Tue Feb 20 10:24:26 2024] Launched synth_1...
Run output will be captured here: D:/Auc_Crs/Sprng24/Arch_lab/Single Cycle Implementation of RISC-V/Single Cycle Implementation of RISC-V.runs/synth_1/runme.log
[Tue Feb 20 10:24:26 2024] Launched impl_1...
Run output will be captured here: D:/Auc_Crs/Sprng24/Arch_lab/Single Cycle Implementation of RISC-V/Single Cycle Implementation of RISC-V.runs/impl_1/runme.log
open_run impl_1
INFO: [Netlist 29-17] Analyzing 9 Unisim elements for replacement
INFO: [Netlist 29-28] Unisim Transformation completed in 0 CPU seconds
INFO: [Project 1-479] Netlist was created with Vivado 2018.2
INFO: [Device 21-403] Loading part xc7a100tcsg324-1
INFO: [Project 1-570] Preparing netlist for logic optimization
Reading XDEF placement.
Reading placer database...
Reading XDEF routing.
Read XDEF File: Time (s): cpu = 00:00:01 ; elapsed = 00:00:00.023 . Memory (MB): peak = 1270.945 ; gain = 0.074
Restored from archive | CPU: 1.000000 secs | Memory: 0.000000 MB |
Finished XDEF File Restore: Time (s): cpu = 00:00:01 ; elapsed = 00:00:00.023 . Memory (MB): peak = 1270.945 ; gain = 0.074
INFO: [Project 1-111] Unisim Transformation Summary:
No Unisim elements were transformed.

open_run: Time (s): cpu = 00:00:08 ; elapsed = 00:00:08 . Memory (MB): peak = 1387.461 ; gain = 431.438
WARNING: [Timing 38-313] There are no user specified timing constraints. Timing constraints are needed for proper timing analysis.
close_design
open_run synth_1 -name synth_1
Design is defaulting to impl run constrset: constrs_1
Design is defaulting to synth run part: xc7a100tcsg324-1
INFO: [Netlist 29-17] Analyzing 9 Unisim elements for replacement
INFO: [Netlist 29-28] Unisim Transformation completed in 0 CPU seconds
INFO: [Project 1-479] Netlist was created with Vivado 2018.2
INFO: [Project 1-570] Preparing netlist for logic optimization
INFO: [Opt 31-138] Pushed 0 inverter(s) to 0 load pin(s).
INFO: [Project 1-111] Unisim Transformation Summary:
No Unisim elements were transformed.

close [ open {D:/Auc_Crs/Sprng24/Arch_lab/Single Cycle Implementation of RISC-V/Single Cycle Implementation of RISC-V.srcs/sources_1/new/n_bit_shift_left.v} w ]
add_files {{D:/Auc_Crs/Sprng24/Arch_lab/Single Cycle Implementation of RISC-V/Single Cycle Implementation of RISC-V.srcs/sources_1/new/n_bit_shift_left.v}}
update_compile_order -fileset sources_1
close [ open {D:/Auc_Crs/Sprng24/Arch_lab/Single Cycle Implementation of RISC-V/Single Cycle Implementation of RISC-V.srcs/sources_1/new/N_bit_shift_register.v} w ]
add_files {{D:/Auc_Crs/Sprng24/Arch_lab/Single Cycle Implementation of RISC-V/Single Cycle Implementation of RISC-V.srcs/sources_1/new/N_bit_shift_register.v}}
update_compile_order -fileset sources_1
export_ip_user_files -of_objects  [get_files {{D:/Auc_Crs/Sprng24/Arch_lab/Single Cycle Implementation of RISC-V/Single Cycle Implementation of RISC-V.srcs/sources_1/new/N_bit_shift_register.v}}] -no_script -reset -force -quiet
remove_files  {{D:/Auc_Crs/Sprng24/Arch_lab/Single Cycle Implementation of RISC-V/Single Cycle Implementation of RISC-V.srcs/sources_1/new/N_bit_shift_register.v}}
file delete -force {D:/Auc_Crs/Sprng24/Arch_lab/Single Cycle Implementation of RISC-V/Single Cycle Implementation of RISC-V.srcs/sources_1/new/N_bit_shift_register.v}
set_property top N_bit_register_tb [get_filesets sim_1]
set_property top_lib xil_defaultlib [get_filesets sim_1]
set_property top N_bit_register [current_fileset]
update_compile_order -fileset sim_1
update_compile_order -fileset sources_1
current_sim simulation_6
close_sim
INFO: [Simtcl 6-16] Simulation closed
launch_simulation
INFO: [Vivado 12-5682] Launching behavioral simulation in 'D:/Auc_Crs/Sprng24/Arch_lab/Single Cycle Implementation of RISC-V/Single Cycle Implementation of RISC-V.sim/sim_1/behav/xsim'
INFO: [SIM-utils-51] Simulation object is 'sim_1'
INFO: [SIM-utils-54] Inspecting design source files for 'N_bit_register_tb' in fileset 'sim_1'...
INFO: [USF-XSim-97] Finding global include files...
INFO: [USF-XSim-98] Fetching design files from 'sim_1'...
INFO: [USF-XSim-2] XSim::Compile design
INFO: [USF-XSim-61] Executing 'COMPILE and ANALYZE' step in 'D:/Auc_Crs/Sprng24/Arch_lab/Single Cycle Implementation of RISC-V/Single Cycle Implementation of RISC-V.sim/sim_1/behav/xsim'
"xvlog --incr --relax -prj N_bit_register_tb_vlog.prj"
INFO: [VRFC 10-2263] Analyzing Verilog file "D:/Auc_Crs/Sprng24/Arch_lab/Single Cycle Implementation of RISC-V/Single Cycle Implementation of RISC-V.srcs/sources_1/new/DFlipFlop.v" into library xil_defaultlib
INFO: [VRFC 10-311] analyzing module DFlipFlop
INFO: [VRFC 10-2263] Analyzing Verilog file "D:/Auc_Crs/Sprng24/Arch_lab/Single Cycle Implementation of RISC-V/Single Cycle Implementation of RISC-V.srcs/sources_1/new/MUX.v" into library xil_defaultlib
INFO: [VRFC 10-311] analyzing module MUX
INFO: [VRFC 10-2263] Analyzing Verilog file "D:/Auc_Crs/Sprng24/Arch_lab/Single Cycle Implementation of RISC-V/Single Cycle Implementation of RISC-V.srcs/sources_1/new/N_bit_register.v" into library xil_defaultlib
INFO: [VRFC 10-311] analyzing module N_bit_register
INFO: [VRFC 10-2263] Analyzing Verilog file "D:/Auc_Crs/Sprng24/Arch_lab/Single Cycle Implementation of RISC-V/Single Cycle Implementation of RISC-V.srcs/sim_1/new/N_bit_register_tb.v" into library xil_defaultlib
INFO: [VRFC 10-311] analyzing module N_bit_register_tb
INFO: [USF-XSim-69] 'compile' step finished in '1' seconds
INFO: [USF-XSim-3] XSim::Elaborate design
INFO: [USF-XSim-61] Executing 'ELABORATE' step in 'D:/Auc_Crs/Sprng24/Arch_lab/Single Cycle Implementation of RISC-V/Single Cycle Implementation of RISC-V.sim/sim_1/behav/xsim'
Vivado Simulator 2018.2
Copyright 1986-1999, 2001-2018 Xilinx, Inc. All Rights Reserved.
Running: D:/Xilinx/Vivado/2018.2/bin/unwrapped/win64.o/xelab.exe -wto c5697a1fee564a8f87a9c1b0f1e2a3ac --incr --debug typical --relax --mt 2 -L xil_defaultlib -L unisims_ver -L unimacro_ver -L secureip --snapshot N_bit_register_tb_behav xil_defaultlib.N_bit_register_tb xil_defaultlib.glbl -log elaborate.log 
Using 2 slave threads.
Starting static elaboration
Completed static elaboration
Starting simulation data flow analysis
Completed simulation data flow analysis
Time Resolution for simulation is 1ps
Compiling module xil_defaultlib.MUX
Compiling module xil_defaultlib.DFlipFlop
Compiling module xil_defaultlib.N_bit_register(N=32)
Compiling module xil_defaultlib.N_bit_register_tb
Compiling module xil_defaultlib.glbl
Built simulation snapshot N_bit_register_tb_behav
INFO: [USF-XSim-69] 'elaborate' step finished in '4' seconds
INFO: [USF-XSim-4] XSim::Simulate design
INFO: [USF-XSim-61] Executing 'SIMULATE' step in 'D:/Auc_Crs/Sprng24/Arch_lab/Single Cycle Implementation of RISC-V/Single Cycle Implementation of RISC-V.sim/sim_1/behav/xsim'
INFO: [USF-XSim-98] *** Running xsim
   with args "N_bit_register_tb_behav -key {Behavioral:sim_1:Functional:N_bit_register_tb} -tclbatch {N_bit_register_tb.tcl} -log {simulate.log}"
INFO: [USF-XSim-8] Loading simulator feature
Vivado Simulator 2018.2
Time resolution is 1 ps
source N_bit_register_tb.tcl
# set curr_wave [current_wave_config]
# if { [string length $curr_wave] == 0 } {
#   if { [llength [get_objects]] > 0} {
#     add_wave /
#     set_property needs_save false [current_wave_config]
#   } else {
#      send_msg_id Add_Wave-1 WARNING "No top level signals found. Simulator will start without a wave window. If you want to open a wave window go to 'File->New Waveform Configuration' or type 'create_wave_config' in the TCL console."
#   }
# }
# run 1000ns
Correct Operation
$finish called at time : 40 ns : File "D:/Auc_Crs/Sprng24/Arch_lab/Single Cycle Implementation of RISC-V/Single Cycle Implementation of RISC-V.srcs/sim_1/new/N_bit_register_tb.v" Line 71
INFO: [USF-XSim-96] XSim completed. Design snapshot 'N_bit_register_tb_behav' loaded.
INFO: [USF-XSim-97] XSim simulation ran for 1000ns
launch_simulation: Time (s): cpu = 00:00:01 ; elapsed = 00:00:09 . Memory (MB): peak = 1852.727 ; gain = 0.000
update_compile_order -fileset sources_1
set_property top n_bit_2_x_1_MUX [current_fileset]
update_compile_order -fileset sources_1
set_property top n_bit_2_x_1_MUX_tb [get_filesets sim_1]
set_property top_lib xil_defaultlib [get_filesets sim_1]
update_compile_order -fileset sim_1
current_sim simulation_10
close_sim
INFO: [Simtcl 6-16] Simulation closed
launch_simulation
INFO: [Vivado 12-5682] Launching behavioral simulation in 'D:/Auc_Crs/Sprng24/Arch_lab/Single Cycle Implementation of RISC-V/Single Cycle Implementation of RISC-V.sim/sim_1/behav/xsim'
INFO: [SIM-utils-51] Simulation object is 'sim_1'
INFO: [SIM-utils-54] Inspecting design source files for 'n_bit_2_x_1_MUX_tb' in fileset 'sim_1'...
INFO: [USF-XSim-97] Finding global include files...
INFO: [USF-XSim-98] Fetching design files from 'sim_1'...
INFO: [USF-XSim-2] XSim::Compile design
INFO: [USF-XSim-61] Executing 'COMPILE and ANALYZE' step in 'D:/Auc_Crs/Sprng24/Arch_lab/Single Cycle Implementation of RISC-V/Single Cycle Implementation of RISC-V.sim/sim_1/behav/xsim'
"xvlog --incr --relax -prj n_bit_2_x_1_MUX_tb_vlog.prj"
INFO: [USF-XSim-69] 'compile' step finished in '1' seconds
INFO: [USF-XSim-3] XSim::Elaborate design
INFO: [USF-XSim-61] Executing 'ELABORATE' step in 'D:/Auc_Crs/Sprng24/Arch_lab/Single Cycle Implementation of RISC-V/Single Cycle Implementation of RISC-V.sim/sim_1/behav/xsim'
Vivado Simulator 2018.2
Copyright 1986-1999, 2001-2018 Xilinx, Inc. All Rights Reserved.
Running: D:/Xilinx/Vivado/2018.2/bin/unwrapped/win64.o/xelab.exe -wto c5697a1fee564a8f87a9c1b0f1e2a3ac --incr --debug typical --relax --mt 2 -L xil_defaultlib -L unisims_ver -L unimacro_ver -L secureip --snapshot n_bit_2_x_1_MUX_tb_behav xil_defaultlib.n_bit_2_x_1_MUX_tb xil_defaultlib.glbl -log elaborate.log 
Using 2 slave threads.
Starting static elaboration
Completed static elaboration
Starting simulation data flow analysis
Completed simulation data flow analysis
Time Resolution for simulation is 1ps
Compiling module xil_defaultlib.MUX
Compiling module xil_defaultlib.n_bit_2_x_1_MUX_default
Compiling module xil_defaultlib.n_bit_2_x_1_MUX_tb
Compiling module xil_defaultlib.glbl
Built simulation snapshot n_bit_2_x_1_MUX_tb_behav
INFO: [USF-XSim-69] 'elaborate' step finished in '3' seconds
INFO: [USF-XSim-4] XSim::Simulate design
INFO: [USF-XSim-61] Executing 'SIMULATE' step in 'D:/Auc_Crs/Sprng24/Arch_lab/Single Cycle Implementation of RISC-V/Single Cycle Implementation of RISC-V.sim/sim_1/behav/xsim'
INFO: [USF-XSim-98] *** Running xsim
   with args "n_bit_2_x_1_MUX_tb_behav -key {Behavioral:sim_1:Functional:n_bit_2_x_1_MUX_tb} -tclbatch {n_bit_2_x_1_MUX_tb.tcl} -log {simulate.log}"
INFO: [USF-XSim-8] Loading simulator feature
Vivado Simulator 2018.2
Time resolution is 1 ps
source n_bit_2_x_1_MUX_tb.tcl
# set curr_wave [current_wave_config]
# if { [string length $curr_wave] == 0 } {
#   if { [llength [get_objects]] > 0} {
#     add_wave /
#     set_property needs_save false [current_wave_config]
#   } else {
#      send_msg_id Add_Wave-1 WARNING "No top level signals found. Simulator will start without a wave window. If you want to open a wave window go to 'File->New Waveform Configuration' or type 'create_wave_config' in the TCL console."
#   }
# }
# run 1000ns
$finish called at time : 20 ns : File "D:/Auc_Crs/Sprng24/Arch_lab/Single Cycle Implementation of RISC-V/Single Cycle Implementation of RISC-V.srcs/sim_1/new/n_bit_2_x_1_MUX_tb.v" Line 46
INFO: [USF-XSim-96] XSim completed. Design snapshot 'n_bit_2_x_1_MUX_tb_behav' loaded.
INFO: [USF-XSim-97] XSim simulation ran for 1000ns
launch_simulation: Time (s): cpu = 00:00:01 ; elapsed = 00:00:06 . Memory (MB): peak = 1856.586 ; gain = 0.000
set_property SOURCE_SET sources_1 [get_filesets sim_1]
close [ open {D:/Auc_Crs/Sprng24/Arch_lab/Single Cycle Implementation of RISC-V/Single Cycle Implementation of RISC-V.srcs/sim_1/new/n_bit_shift_left_tb.v} w ]
add_files -fileset sim_1 {{D:/Auc_Crs/Sprng24/Arch_lab/Single Cycle Implementation of RISC-V/Single Cycle Implementation of RISC-V.srcs/sim_1/new/n_bit_shift_left_tb.v}}
update_compile_order -fileset sim_1
set_property top n_bit_shift_left_tb [get_filesets sim_1]
set_property top_lib xil_defaultlib [get_filesets sim_1]
update_compile_order -fileset sim_1
set_property top n_bit_shift_left [current_fileset]
update_compile_order -fileset sources_1
launch_simulation
INFO: [Vivado 12-5682] Launching behavioral simulation in 'D:/Auc_Crs/Sprng24/Arch_lab/Single Cycle Implementation of RISC-V/Single Cycle Implementation of RISC-V.sim/sim_1/behav/xsim'
INFO: [SIM-utils-51] Simulation object is 'sim_1'
INFO: [SIM-utils-54] Inspecting design source files for 'n_bit_shift_left_tb' in fileset 'sim_1'...
INFO: [USF-XSim-97] Finding global include files...
INFO: [USF-XSim-98] Fetching design files from 'sim_1'...
INFO: [USF-XSim-2] XSim::Compile design
INFO: [USF-XSim-61] Executing 'COMPILE and ANALYZE' step in 'D:/Auc_Crs/Sprng24/Arch_lab/Single Cycle Implementation of RISC-V/Single Cycle Implementation of RISC-V.sim/sim_1/behav/xsim'
"xvlog --incr --relax -prj n_bit_shift_left_tb_vlog.prj"
INFO: [VRFC 10-2263] Analyzing Verilog file "D:/Auc_Crs/Sprng24/Arch_lab/Single Cycle Implementation of RISC-V/Single Cycle Implementation of RISC-V.srcs/sources_1/new/n_bit_shift_left.v" into library xil_defaultlib
INFO: [VRFC 10-311] analyzing module n_bit_shift_left
INFO: [VRFC 10-2263] Analyzing Verilog file "D:/Auc_Crs/Sprng24/Arch_lab/Single Cycle Implementation of RISC-V/Single Cycle Implementation of RISC-V.srcs/sim_1/new/n_bit_shift_left_tb.v" into library xil_defaultlib
INFO: [VRFC 10-311] analyzing module n_bit_shift_left_tb
INFO: [USF-XSim-69] 'compile' step finished in '3' seconds
INFO: [USF-XSim-3] XSim::Elaborate design
INFO: [USF-XSim-61] Executing 'ELABORATE' step in 'D:/Auc_Crs/Sprng24/Arch_lab/Single Cycle Implementation of RISC-V/Single Cycle Implementation of RISC-V.sim/sim_1/behav/xsim'
Vivado Simulator 2018.2
Copyright 1986-1999, 2001-2018 Xilinx, Inc. All Rights Reserved.
Running: D:/Xilinx/Vivado/2018.2/bin/unwrapped/win64.o/xelab.exe -wto c5697a1fee564a8f87a9c1b0f1e2a3ac --incr --debug typical --relax --mt 2 -L xil_defaultlib -L unisims_ver -L unimacro_ver -L secureip --snapshot n_bit_shift_left_tb_behav xil_defaultlib.n_bit_shift_left_tb xil_defaultlib.glbl -log elaborate.log 
Using 2 slave threads.
Starting static elaboration
ERROR: [VRFC 10-426] cannot find port shif on this module [D:/Auc_Crs/Sprng24/Arch_lab/Single Cycle Implementation of RISC-V/Single Cycle Implementation of RISC-V.srcs/sim_1/new/n_bit_shift_left_tb.v:52]
ERROR: [XSIM 43-3322] Static elaboration of top level Verilog design unit(s) in library work failed.
INFO: [USF-XSim-69] 'elaborate' step finished in '3' seconds
INFO: [USF-XSim-99] Step results log file:'D:/Auc_Crs/Sprng24/Arch_lab/Single Cycle Implementation of RISC-V/Single Cycle Implementation of RISC-V.sim/sim_1/behav/xsim/elaborate.log'
ERROR: [USF-XSim-62] 'elaborate' step failed with error(s). Please check the Tcl console output or 'D:/Auc_Crs/Sprng24/Arch_lab/Single Cycle Implementation of RISC-V/Single Cycle Implementation of RISC-V.sim/sim_1/behav/xsim/elaborate.log' file for more information.
ERROR: [Vivado 12-4473] Detected error while running simulation. Please correct the issue and retry this operation.
launch_simulation: Time (s): cpu = 00:00:00 ; elapsed = 00:00:05 . Memory (MB): peak = 2055.160 ; gain = 0.000
ERROR: [Common 17-39] 'launch_simulation' failed due to earlier errors.
launch_simulation
INFO: [Vivado 12-5682] Launching behavioral simulation in 'D:/Auc_Crs/Sprng24/Arch_lab/Single Cycle Implementation of RISC-V/Single Cycle Implementation of RISC-V.sim/sim_1/behav/xsim'
INFO: [SIM-utils-51] Simulation object is 'sim_1'
INFO: [SIM-utils-54] Inspecting design source files for 'n_bit_shift_left_tb' in fileset 'sim_1'...
INFO: [USF-XSim-97] Finding global include files...
INFO: [USF-XSim-98] Fetching design files from 'sim_1'...
INFO: [USF-XSim-2] XSim::Compile design
INFO: [USF-XSim-61] Executing 'COMPILE and ANALYZE' step in 'D:/Auc_Crs/Sprng24/Arch_lab/Single Cycle Implementation of RISC-V/Single Cycle Implementation of RISC-V.sim/sim_1/behav/xsim'
"xvlog --incr --relax -prj n_bit_shift_left_tb_vlog.prj"
INFO: [VRFC 10-2263] Analyzing Verilog file "D:/Auc_Crs/Sprng24/Arch_lab/Single Cycle Implementation of RISC-V/Single Cycle Implementation of RISC-V.srcs/sources_1/new/n_bit_shift_left.v" into library xil_defaultlib
INFO: [VRFC 10-311] analyzing module n_bit_shift_left
INFO: [VRFC 10-2263] Analyzing Verilog file "D:/Auc_Crs/Sprng24/Arch_lab/Single Cycle Implementation of RISC-V/Single Cycle Implementation of RISC-V.srcs/sim_1/new/n_bit_shift_left_tb.v" into library xil_defaultlib
INFO: [VRFC 10-311] analyzing module n_bit_shift_left_tb
INFO: [USF-XSim-69] 'compile' step finished in '1' seconds
INFO: [USF-XSim-3] XSim::Elaborate design
INFO: [USF-XSim-61] Executing 'ELABORATE' step in 'D:/Auc_Crs/Sprng24/Arch_lab/Single Cycle Implementation of RISC-V/Single Cycle Implementation of RISC-V.sim/sim_1/behav/xsim'
Vivado Simulator 2018.2
Copyright 1986-1999, 2001-2018 Xilinx, Inc. All Rights Reserved.
Running: D:/Xilinx/Vivado/2018.2/bin/unwrapped/win64.o/xelab.exe -wto c5697a1fee564a8f87a9c1b0f1e2a3ac --incr --debug typical --relax --mt 2 -L xil_defaultlib -L unisims_ver -L unimacro_ver -L secureip --snapshot n_bit_shift_left_tb_behav xil_defaultlib.n_bit_shift_left_tb xil_defaultlib.glbl -log elaborate.log 
Using 2 slave threads.
Starting static elaboration
ERROR: [VRFC 10-91] b0 is not declared [D:/Auc_Crs/Sprng24/Arch_lab/Single Cycle Implementation of RISC-V/Single Cycle Implementation of RISC-V.srcs/sim_1/new/n_bit_shift_left_tb.v:45]
ERROR: [XSIM 43-3322] Static elaboration of top level Verilog design unit(s) in library work failed.
INFO: [USF-XSim-69] 'elaborate' step finished in '1' seconds
INFO: [USF-XSim-99] Step results log file:'D:/Auc_Crs/Sprng24/Arch_lab/Single Cycle Implementation of RISC-V/Single Cycle Implementation of RISC-V.sim/sim_1/behav/xsim/elaborate.log'
ERROR: [USF-XSim-62] 'elaborate' step failed with error(s). Please check the Tcl console output or 'D:/Auc_Crs/Sprng24/Arch_lab/Single Cycle Implementation of RISC-V/Single Cycle Implementation of RISC-V.sim/sim_1/behav/xsim/elaborate.log' file for more information.
ERROR: [Vivado 12-4473] Detected error while running simulation. Please correct the issue and retry this operation.
ERROR: [Common 17-39] 'launch_simulation' failed due to earlier errors.
launch_simulation
INFO: [Vivado 12-5682] Launching behavioral simulation in 'D:/Auc_Crs/Sprng24/Arch_lab/Single Cycle Implementation of RISC-V/Single Cycle Implementation of RISC-V.sim/sim_1/behav/xsim'
INFO: [SIM-utils-51] Simulation object is 'sim_1'
INFO: [SIM-utils-54] Inspecting design source files for 'n_bit_shift_left_tb' in fileset 'sim_1'...
INFO: [USF-XSim-97] Finding global include files...
INFO: [USF-XSim-98] Fetching design files from 'sim_1'...
INFO: [USF-XSim-2] XSim::Compile design
INFO: [USF-XSim-61] Executing 'COMPILE and ANALYZE' step in 'D:/Auc_Crs/Sprng24/Arch_lab/Single Cycle Implementation of RISC-V/Single Cycle Implementation of RISC-V.sim/sim_1/behav/xsim'
"xvlog --incr --relax -prj n_bit_shift_left_tb_vlog.prj"
INFO: [VRFC 10-2263] Analyzing Verilog file "D:/Auc_Crs/Sprng24/Arch_lab/Single Cycle Implementation of RISC-V/Single Cycle Implementation of RISC-V.srcs/sources_1/new/n_bit_shift_left.v" into library xil_defaultlib
INFO: [VRFC 10-311] analyzing module n_bit_shift_left
INFO: [VRFC 10-2263] Analyzing Verilog file "D:/Auc_Crs/Sprng24/Arch_lab/Single Cycle Implementation of RISC-V/Single Cycle Implementation of RISC-V.srcs/sim_1/new/n_bit_shift_left_tb.v" into library xil_defaultlib
INFO: [VRFC 10-311] analyzing module n_bit_shift_left_tb
INFO: [USF-XSim-69] 'compile' step finished in '1' seconds
INFO: [USF-XSim-3] XSim::Elaborate design
INFO: [USF-XSim-61] Executing 'ELABORATE' step in 'D:/Auc_Crs/Sprng24/Arch_lab/Single Cycle Implementation of RISC-V/Single Cycle Implementation of RISC-V.sim/sim_1/behav/xsim'
Vivado Simulator 2018.2
Copyright 1986-1999, 2001-2018 Xilinx, Inc. All Rights Reserved.
Running: D:/Xilinx/Vivado/2018.2/bin/unwrapped/win64.o/xelab.exe -wto c5697a1fee564a8f87a9c1b0f1e2a3ac --incr --debug typical --relax --mt 2 -L xil_defaultlib -L unisims_ver -L unimacro_ver -L secureip --snapshot n_bit_shift_left_tb_behav xil_defaultlib.n_bit_shift_left_tb xil_defaultlib.glbl -log elaborate.log 
Using 2 slave threads.
Starting static elaboration
Completed static elaboration
Starting simulation data flow analysis
Completed simulation data flow analysis
Time Resolution for simulation is 1ps
Compiling module xil_defaultlib.n_bit_shift_left
Compiling module xil_defaultlib.n_bit_shift_left_tb
Compiling module xil_defaultlib.glbl
Built simulation snapshot n_bit_shift_left_tb_behav

****** Webtalk v2018.2 (64-bit)
  **** SW Build 2258646 on Thu Jun 14 20:03:12 MDT 2018
  **** IP Build 2256618 on Thu Jun 14 22:10:49 MDT 2018
    ** Copyright 1986-2018 Xilinx, Inc. All Rights Reserved.

source D:/Auc_Crs/Sprng24/Arch_lab/Single -notrace
couldn't read file "D:/Auc_Crs/Sprng24/Arch_lab/Single": permission denied
INFO: [Common 17-206] Exiting Webtalk at Tue Feb 20 11:21:48 2024...
run_program: Time (s): cpu = 00:00:00 ; elapsed = 00:00:08 . Memory (MB): peak = 2060.062 ; gain = 0.000
INFO: [USF-XSim-69] 'elaborate' step finished in '9' seconds
INFO: [USF-XSim-4] XSim::Simulate design
INFO: [USF-XSim-61] Executing 'SIMULATE' step in 'D:/Auc_Crs/Sprng24/Arch_lab/Single Cycle Implementation of RISC-V/Single Cycle Implementation of RISC-V.sim/sim_1/behav/xsim'
INFO: [USF-XSim-98] *** Running xsim
   with args "n_bit_shift_left_tb_behav -key {Behavioral:sim_1:Functional:n_bit_shift_left_tb} -tclbatch {n_bit_shift_left_tb.tcl} -log {simulate.log}"
INFO: [USF-XSim-8] Loading simulator feature
Vivado Simulator 2018.2
Time resolution is 1 ps
source n_bit_shift_left_tb.tcl
# set curr_wave [current_wave_config]
# if { [string length $curr_wave] == 0 } {
#   if { [llength [get_objects]] > 0} {
#     add_wave /
#     set_property needs_save false [current_wave_config]
#   } else {
#      send_msg_id Add_Wave-1 WARNING "No top level signals found. Simulator will start without a wave window. If you want to open a wave window go to 'File->New Waveform Configuration' or type 'create_wave_config' in the TCL console."
#   }
# }
# run 1000ns
$finish called at time : 80 ns : File "D:/Auc_Crs/Sprng24/Arch_lab/Single Cycle Implementation of RISC-V/Single Cycle Implementation of RISC-V.srcs/sim_1/new/n_bit_shift_left_tb.v" Line 67
INFO: [USF-XSim-96] XSim completed. Design snapshot 'n_bit_shift_left_tb_behav' loaded.
INFO: [USF-XSim-97] XSim simulation ran for 1000ns
launch_simulation: Time (s): cpu = 00:00:01 ; elapsed = 00:00:12 . Memory (MB): peak = 2068.691 ; gain = 8.629
close_sim
INFO: [Simtcl 6-16] Simulation closed
launch_simulation
INFO: [Vivado 12-5682] Launching behavioral simulation in 'D:/Auc_Crs/Sprng24/Arch_lab/Single Cycle Implementation of RISC-V/Single Cycle Implementation of RISC-V.sim/sim_1/behav/xsim'
INFO: [SIM-utils-51] Simulation object is 'sim_1'
INFO: [SIM-utils-54] Inspecting design source files for 'n_bit_shift_left_tb' in fileset 'sim_1'...
INFO: [USF-XSim-97] Finding global include files...
INFO: [USF-XSim-98] Fetching design files from 'sim_1'...
INFO: [USF-XSim-2] XSim::Compile design
INFO: [USF-XSim-61] Executing 'COMPILE and ANALYZE' step in 'D:/Auc_Crs/Sprng24/Arch_lab/Single Cycle Implementation of RISC-V/Single Cycle Implementation of RISC-V.sim/sim_1/behav/xsim'
"xvlog --incr --relax -prj n_bit_shift_left_tb_vlog.prj"
INFO: [VRFC 10-2263] Analyzing Verilog file "D:/Auc_Crs/Sprng24/Arch_lab/Single Cycle Implementation of RISC-V/Single Cycle Implementation of RISC-V.srcs/sources_1/new/n_bit_shift_left.v" into library xil_defaultlib
INFO: [VRFC 10-311] analyzing module n_bit_shift_left
INFO: [VRFC 10-2263] Analyzing Verilog file "D:/Auc_Crs/Sprng24/Arch_lab/Single Cycle Implementation of RISC-V/Single Cycle Implementation of RISC-V.srcs/sim_1/new/n_bit_shift_left_tb.v" into library xil_defaultlib
INFO: [VRFC 10-311] analyzing module n_bit_shift_left_tb
INFO: [USF-XSim-69] 'compile' step finished in '2' seconds
INFO: [USF-XSim-3] XSim::Elaborate design
INFO: [USF-XSim-61] Executing 'ELABORATE' step in 'D:/Auc_Crs/Sprng24/Arch_lab/Single Cycle Implementation of RISC-V/Single Cycle Implementation of RISC-V.sim/sim_1/behav/xsim'
Vivado Simulator 2018.2
Copyright 1986-1999, 2001-2018 Xilinx, Inc. All Rights Reserved.
Running: D:/Xilinx/Vivado/2018.2/bin/unwrapped/win64.o/xelab.exe -wto c5697a1fee564a8f87a9c1b0f1e2a3ac --incr --debug typical --relax --mt 2 -L xil_defaultlib -L unisims_ver -L unimacro_ver -L secureip --snapshot n_bit_shift_left_tb_behav xil_defaultlib.n_bit_shift_left_tb xil_defaultlib.glbl -log elaborate.log 
Using 2 slave threads.
Starting static elaboration
Completed static elaboration
Starting simulation data flow analysis
Completed simulation data flow analysis
Time Resolution for simulation is 1ps
Compiling module xil_defaultlib.n_bit_shift_left
Compiling module xil_defaultlib.n_bit_shift_left_tb
Compiling module xil_defaultlib.glbl
Built simulation snapshot n_bit_shift_left_tb_behav
INFO: [USF-XSim-69] 'elaborate' step finished in '2' seconds
INFO: [USF-XSim-4] XSim::Simulate design
INFO: [USF-XSim-61] Executing 'SIMULATE' step in 'D:/Auc_Crs/Sprng24/Arch_lab/Single Cycle Implementation of RISC-V/Single Cycle Implementation of RISC-V.sim/sim_1/behav/xsim'
INFO: [USF-XSim-98] *** Running xsim
   with args "n_bit_shift_left_tb_behav -key {Behavioral:sim_1:Functional:n_bit_shift_left_tb} -tclbatch {n_bit_shift_left_tb.tcl} -log {simulate.log}"
INFO: [USF-XSim-8] Loading simulator feature
Vivado Simulator 2018.2
Time resolution is 1 ps
source n_bit_shift_left_tb.tcl
# set curr_wave [current_wave_config]
# if { [string length $curr_wave] == 0 } {
#   if { [llength [get_objects]] > 0} {
#     add_wave /
#     set_property needs_save false [current_wave_config]
#   } else {
#      send_msg_id Add_Wave-1 WARNING "No top level signals found. Simulator will start without a wave window. If you want to open a wave window go to 'File->New Waveform Configuration' or type 'create_wave_config' in the TCL console."
#   }
# }
# run 1000ns
$finish called at time : 80 ns : File "D:/Auc_Crs/Sprng24/Arch_lab/Single Cycle Implementation of RISC-V/Single Cycle Implementation of RISC-V.srcs/sim_1/new/n_bit_shift_left_tb.v" Line 66
INFO: [USF-XSim-96] XSim completed. Design snapshot 'n_bit_shift_left_tb_behav' loaded.
INFO: [USF-XSim-97] XSim simulation ran for 1000ns
launch_simulation: Time (s): cpu = 00:00:01 ; elapsed = 00:00:06 . Memory (MB): peak = 2070.250 ; gain = 0.512
close_sim
INFO: [Simtcl 6-16] Simulation closed
launch_simulation
INFO: [Vivado 12-5682] Launching behavioral simulation in 'D:/Auc_Crs/Sprng24/Arch_lab/Single Cycle Implementation of RISC-V/Single Cycle Implementation of RISC-V.sim/sim_1/behav/xsim'
INFO: [SIM-utils-51] Simulation object is 'sim_1'
INFO: [SIM-utils-54] Inspecting design source files for 'n_bit_shift_left_tb' in fileset 'sim_1'...
INFO: [USF-XSim-97] Finding global include files...
INFO: [USF-XSim-98] Fetching design files from 'sim_1'...
INFO: [USF-XSim-2] XSim::Compile design
INFO: [USF-XSim-61] Executing 'COMPILE and ANALYZE' step in 'D:/Auc_Crs/Sprng24/Arch_lab/Single Cycle Implementation of RISC-V/Single Cycle Implementation of RISC-V.sim/sim_1/behav/xsim'
"xvlog --incr --relax -prj n_bit_shift_left_tb_vlog.prj"
INFO: [VRFC 10-2263] Analyzing Verilog file "D:/Auc_Crs/Sprng24/Arch_lab/Single Cycle Implementation of RISC-V/Single Cycle Implementation of RISC-V.srcs/sources_1/new/n_bit_shift_left.v" into library xil_defaultlib
INFO: [VRFC 10-311] analyzing module n_bit_shift_left
INFO: [VRFC 10-2263] Analyzing Verilog file "D:/Auc_Crs/Sprng24/Arch_lab/Single Cycle Implementation of RISC-V/Single Cycle Implementation of RISC-V.srcs/sim_1/new/n_bit_shift_left_tb.v" into library xil_defaultlib
INFO: [VRFC 10-311] analyzing module n_bit_shift_left_tb
INFO: [USF-XSim-69] 'compile' step finished in '1' seconds
INFO: [USF-XSim-3] XSim::Elaborate design
INFO: [USF-XSim-61] Executing 'ELABORATE' step in 'D:/Auc_Crs/Sprng24/Arch_lab/Single Cycle Implementation of RISC-V/Single Cycle Implementation of RISC-V.sim/sim_1/behav/xsim'
Vivado Simulator 2018.2
Copyright 1986-1999, 2001-2018 Xilinx, Inc. All Rights Reserved.
Running: D:/Xilinx/Vivado/2018.2/bin/unwrapped/win64.o/xelab.exe -wto c5697a1fee564a8f87a9c1b0f1e2a3ac --incr --debug typical --relax --mt 2 -L xil_defaultlib -L unisims_ver -L unimacro_ver -L secureip --snapshot n_bit_shift_left_tb_behav xil_defaultlib.n_bit_shift_left_tb xil_defaultlib.glbl -log elaborate.log 
Using 2 slave threads.
Starting static elaboration
Completed static elaboration
Starting simulation data flow analysis
Completed simulation data flow analysis
Time Resolution for simulation is 1ps
Compiling module xil_defaultlib.n_bit_shift_left
Compiling module xil_defaultlib.n_bit_shift_left_tb
Compiling module xil_defaultlib.glbl
Built simulation snapshot n_bit_shift_left_tb_behav
INFO: [USF-XSim-69] 'elaborate' step finished in '3' seconds
INFO: [USF-XSim-4] XSim::Simulate design
INFO: [USF-XSim-61] Executing 'SIMULATE' step in 'D:/Auc_Crs/Sprng24/Arch_lab/Single Cycle Implementation of RISC-V/Single Cycle Implementation of RISC-V.sim/sim_1/behav/xsim'
INFO: [USF-XSim-98] *** Running xsim
   with args "n_bit_shift_left_tb_behav -key {Behavioral:sim_1:Functional:n_bit_shift_left_tb} -tclbatch {n_bit_shift_left_tb.tcl} -log {simulate.log}"
INFO: [USF-XSim-8] Loading simulator feature
Vivado Simulator 2018.2
Time resolution is 1 ps
source n_bit_shift_left_tb.tcl
# set curr_wave [current_wave_config]
# if { [string length $curr_wave] == 0 } {
#   if { [llength [get_objects]] > 0} {
#     add_wave /
#     set_property needs_save false [current_wave_config]
#   } else {
#      send_msg_id Add_Wave-1 WARNING "No top level signals found. Simulator will start without a wave window. If you want to open a wave window go to 'File->New Waveform Configuration' or type 'create_wave_config' in the TCL console."
#   }
# }
# run 1000ns
$finish called at time : 80 ns : File "D:/Auc_Crs/Sprng24/Arch_lab/Single Cycle Implementation of RISC-V/Single Cycle Implementation of RISC-V.srcs/sim_1/new/n_bit_shift_left_tb.v" Line 67
INFO: [USF-XSim-96] XSim completed. Design snapshot 'n_bit_shift_left_tb_behav' loaded.
INFO: [USF-XSim-97] XSim simulation ran for 1000ns
launch_simulation: Time (s): cpu = 00:00:01 ; elapsed = 00:00:06 . Memory (MB): peak = 2070.766 ; gain = 0.516
close_sim
INFO: [Simtcl 6-16] Simulation closed
launch_simulation
INFO: [Vivado 12-5682] Launching behavioral simulation in 'D:/Auc_Crs/Sprng24/Arch_lab/Single Cycle Implementation of RISC-V/Single Cycle Implementation of RISC-V.sim/sim_1/behav/xsim'
INFO: [SIM-utils-51] Simulation object is 'sim_1'
INFO: [SIM-utils-54] Inspecting design source files for 'n_bit_shift_left_tb' in fileset 'sim_1'...
INFO: [USF-XSim-97] Finding global include files...
INFO: [USF-XSim-98] Fetching design files from 'sim_1'...
INFO: [USF-XSim-2] XSim::Compile design
INFO: [USF-XSim-61] Executing 'COMPILE and ANALYZE' step in 'D:/Auc_Crs/Sprng24/Arch_lab/Single Cycle Implementation of RISC-V/Single Cycle Implementation of RISC-V.sim/sim_1/behav/xsim'
"xvlog --incr --relax -prj n_bit_shift_left_tb_vlog.prj"
INFO: [VRFC 10-2263] Analyzing Verilog file "D:/Auc_Crs/Sprng24/Arch_lab/Single Cycle Implementation of RISC-V/Single Cycle Implementation of RISC-V.srcs/sources_1/new/n_bit_shift_left.v" into library xil_defaultlib
INFO: [VRFC 10-311] analyzing module n_bit_shift_left
INFO: [VRFC 10-2263] Analyzing Verilog file "D:/Auc_Crs/Sprng24/Arch_lab/Single Cycle Implementation of RISC-V/Single Cycle Implementation of RISC-V.srcs/sim_1/new/n_bit_shift_left_tb.v" into library xil_defaultlib
INFO: [VRFC 10-311] analyzing module n_bit_shift_left_tb
INFO: [USF-XSim-69] 'compile' step finished in '1' seconds
INFO: [USF-XSim-3] XSim::Elaborate design
INFO: [USF-XSim-61] Executing 'ELABORATE' step in 'D:/Auc_Crs/Sprng24/Arch_lab/Single Cycle Implementation of RISC-V/Single Cycle Implementation of RISC-V.sim/sim_1/behav/xsim'
Vivado Simulator 2018.2
Copyright 1986-1999, 2001-2018 Xilinx, Inc. All Rights Reserved.
Running: D:/Xilinx/Vivado/2018.2/bin/unwrapped/win64.o/xelab.exe -wto c5697a1fee564a8f87a9c1b0f1e2a3ac --incr --debug typical --relax --mt 2 -L xil_defaultlib -L unisims_ver -L unimacro_ver -L secureip --snapshot n_bit_shift_left_tb_behav xil_defaultlib.n_bit_shift_left_tb xil_defaultlib.glbl -log elaborate.log 
Using 2 slave threads.
Starting static elaboration
WARNING: [VRFC 10-278] actual bit length 8 differs from formal bit length 4 for port D [D:/Auc_Crs/Sprng24/Arch_lab/Single Cycle Implementation of RISC-V/Single Cycle Implementation of RISC-V.srcs/sim_1/new/n_bit_shift_left_tb.v:39]
WARNING: [VRFC 10-278] actual bit length 8 differs from formal bit length 4 for port Q [D:/Auc_Crs/Sprng24/Arch_lab/Single Cycle Implementation of RISC-V/Single Cycle Implementation of RISC-V.srcs/sim_1/new/n_bit_shift_left_tb.v:40]
Completed static elaboration
Starting simulation data flow analysis
Completed simulation data flow analysis
Time Resolution for simulation is 1ps
Compiling module xil_defaultlib.n_bit_shift_left
Compiling module xil_defaultlib.n_bit_shift_left_tb
Compiling module xil_defaultlib.glbl
Built simulation snapshot n_bit_shift_left_tb_behav
INFO: [USF-XSim-69] 'elaborate' step finished in '3' seconds
INFO: [USF-XSim-4] XSim::Simulate design
INFO: [USF-XSim-61] Executing 'SIMULATE' step in 'D:/Auc_Crs/Sprng24/Arch_lab/Single Cycle Implementation of RISC-V/Single Cycle Implementation of RISC-V.sim/sim_1/behav/xsim'
INFO: [USF-XSim-98] *** Running xsim
   with args "n_bit_shift_left_tb_behav -key {Behavioral:sim_1:Functional:n_bit_shift_left_tb} -tclbatch {n_bit_shift_left_tb.tcl} -log {simulate.log}"
INFO: [USF-XSim-8] Loading simulator feature
Vivado Simulator 2018.2
Time resolution is 1 ps
source n_bit_shift_left_tb.tcl
# set curr_wave [current_wave_config]
# if { [string length $curr_wave] == 0 } {
#   if { [llength [get_objects]] > 0} {
#     add_wave /
#     set_property needs_save false [current_wave_config]
#   } else {
#      send_msg_id Add_Wave-1 WARNING "No top level signals found. Simulator will start without a wave window. If you want to open a wave window go to 'File->New Waveform Configuration' or type 'create_wave_config' in the TCL console."
#   }
# }
# run 1000ns
INFO: [USF-XSim-96] XSim completed. Design snapshot 'n_bit_shift_left_tb_behav' loaded.
INFO: [USF-XSim-97] XSim simulation ran for 1000ns
launch_simulation: Time (s): cpu = 00:00:02 ; elapsed = 00:00:06 . Memory (MB): peak = 2077.387 ; gain = 2.363
close_sim
INFO: [Simtcl 6-16] Simulation closed
current_sim simulation_12
close_sim
INFO: [Simtcl 6-16] Simulation closed
current_sim simulation_11
close_sim
INFO: [Simtcl 6-16] Simulation closed
current_sim simulation_8
close_sim
INFO: [Simtcl 6-16] Simulation closed
close_sim
INFO: [Simtcl 6-16] Simulation closed
exit
INFO: [Common 17-206] Exiting Vivado at Tue Feb 20 11:30:32 2024...
