#-----------------------------------------------------------
# Vivado v2018.2 (64-bit)
# SW Build 2258646 on Thu Jun 14 20:03:12 MDT 2018
# IP Build 2256618 on Thu Jun 14 22:10:49 MDT 2018
# Start of session at: Sun Mar 10 14:05:57 2024
# Process ID: 6376
# Current directory: D:/Auc_Crs/Sprng24/Arch_lab/Single Cycle Implementation of RISC-V
# Command line: vivado.exe -gui_launcher_event rodinguilauncherevent2876 D:\Auc_Crs\Sprng24\Arch_lab\Single Cycle Implementation of RISC-V\Single Cycle Implementation of RISC-V.xpr
# Log file: D:/Auc_Crs/Sprng24/Arch_lab/Single Cycle Implementation of RISC-V/vivado.log
# Journal file: D:/Auc_Crs/Sprng24/Arch_lab/Single Cycle Implementation of RISC-V\vivado.jou
#-----------------------------------------------------------
start_gui
open_project {D:/Auc_Crs/Sprng24/Arch_lab/Single Cycle Implementation of RISC-V/Single Cycle Implementation of RISC-V.xpr}
Scanning sources...
Finished scanning sources
INFO: [IP_Flow 19-234] Refreshing IP repositories
INFO: [IP_Flow 19-1704] No user IP repositories specified
INFO: [IP_Flow 19-2313] Loaded Vivado IP repository 'D:/Xilinx/Vivado/2018.2/data/ip'.
open_project: Time (s): cpu = 00:00:04 ; elapsed = 00:00:07 . Memory (MB): peak = 835.777 ; gain = 105.270
update_compile_order -fileset sources_1
