#-----------------------------------------------------------
# Vivado v2018.2 (64-bit)
# SW Build 2258646 on Thu Jun 14 20:03:12 MDT 2018
# IP Build 2256618 on Thu Jun 14 22:10:49 MDT 2018
# Start of session at: Sat Mar  9 23:14:23 2024
# Process ID: 15196
# Current directory: D:/Auc_Crs/Sprng24/Arch_lab/Single Cycle Implementation of RISC-V
# Command line: vivado.exe -gui_launcher_event rodinguilauncherevent13316 D:\Auc_Crs\Sprng24\Arch_lab\Single Cycle Implementation of RISC-V\Single Cycle Implementation of RISC-V.xpr
# Log file: D:/Auc_Crs/Sprng24/Arch_lab/Single Cycle Implementation of RISC-V/vivado.log
# Journal file: D:/Auc_Crs/Sprng24/Arch_lab/Single Cycle Implementation of RISC-V\vivado.jou
#-----------------------------------------------------------
start_gui
open_project {D:/Auc_Crs/Sprng24/Arch_lab/Single Cycle Implementation of RISC-V/Single Cycle Implementation of RISC-V.xpr}
Scanning sources...
Finished scanning sources
INFO: [IP_Flow 19-234] Refreshing IP repositories
INFO: [IP_Flow 19-1704] No user IP repositories specified
INFO: [IP_Flow 19-2313] Loaded Vivado IP repository 'D:/Xilinx/Vivado/2018.2/data/ip'.
open_project: Time (s): cpu = 00:00:18 ; elapsed = 00:00:12 . Memory (MB): peak = 800.160 ; gain = 83.789
update_compile_order -fileset sources_1
exit
INFO: [Common 17-206] Exiting Vivado at Sat Mar  9 23:29:27 2024...
